{"D:\\all-in-mvp\\overlays\\qoder\\qoder-monitor\\backend\\src\\index.ts": {"path":"D:\\all-in-mvp\\overlays\\qoder\\qoder-monitor\\backend\\src\\index.ts","all":true,"statementMap":{"0":{"start":{"line":1,"column":0},"end":{"line":1,"column":41}},"1":{"start":{"line":2,"column":0},"end":{"line":2,"column":27}},"2":{"start":{"line":3,"column":0},"end":{"line":3,"column":32}},"3":{"start":{"line":4,"column":0},"end":{"line":4,"column":36}},"5":{"start":{"line":6,"column":0},"end":{"line":6,"column":22}},"7":{"start":{"line":8,"column":0},"end":{"line":8,"column":20}},"8":{"start":{"line":9,"column":0},"end":{"line":9,"column":22}},"11":{"start":{"line":12,"column":0},"end":{"line":12,"column":37}},"12":{"start":{"line":13,"column":0},"end":{"line":13,"column":37}},"13":{"start":{"line":14,"column":0},"end":{"line":14,"column":45}},"14":{"start":{"line":15,"column":0},"end":{"line":15,"column":39}},"15":{"start":{"line":16,"column":0},"end":{"line":16,"column":43}},"18":{"start":{"line":19,"column":0},"end":{"line":19,"column":36}},"21":{"start":{"line":22,"column":0},"end":{"line":22,"column":36}},"24":{"start":{"line":25,"column":0},"end":{"line":25,"column":44}},"27":{"start":{"line":28,"column":0},"end":{"line":28,"column":31}},"30":{"start":{"line":31,"column":0},"end":{"line":31,"column":42}},"32":{"start":{"line":33,"column":0},"end":{"line":33,"column":49}},"33":{"start":{"line":34,"column":0},"end":{"line":34,"column":60}},"35":{"start":{"line":36,"column":0},"end":{"line":36,"column":50}},"36":{"start":{"line":37,"column":0},"end":{"line":37,"column":68}},"37":{"start":{"line":38,"column":0},"end":{"line":38,"column":2}},"39":{"start":{"line":40,"column":0},"end":{"line":40,"column":18}}},"s":{"0":0,"1":0,"2":0,"3":0,"5":0,"7":0,"8":0,"11":0,"12":0,"13":0,"14":0,"15":0,"18":0,"21":0,"24":0,"27":0,"30":0,"32":0,"33":0,"35":0,"36":0,"37":0,"39":0},"branchMap":{"0":{"type":"branch","line":1,"loc":{"start":{"line":1,"column":0},"end":{"line":40,"column":-620}},"locations":[{"start":{"line":1,"column":0},"end":{"line":40,"column":-620}}]}},"b":{"0":[0]},"fnMap":{"0":{"name":"(empty-report)","decl":{"start":{"line":1,"column":0},"end":{"line":40,"column":-620}},"loc":{"start":{"line":1,"column":0},"end":{"line":40,"column":-620}},"line":1}},"f":{"0":0}}
,"D:\\all-in-mvp\\overlays\\qoder\\qoder-monitor\\backend\\src\\api\\dashboard\\handlers.ts": {"path":"D:\\all-in-mvp\\overlays\\qoder\\qoder-monitor\\backend\\src\\api\\dashboard\\handlers.ts","all":false,"statementMap":{"0":{"start":{"line":1,"column":0},"end":{"line":1,"column":35}},"6":{"start":{"line":7,"column":0},"end":{"line":7,"column":49}},"7":{"start":{"line":8,"column":0},"end":{"line":8,"column":58}},"8":{"start":{"line":9,"column":0},"end":{"line":9,"column":20}},"11":{"start":{"line":12,"column":0},"end":{"line":12,"column":39}},"12":{"start":{"line":13,"column":0},"end":{"line":13,"column":37}},"13":{"start":{"line":14,"column":0},"end":{"line":14,"column":43}},"14":{"start":{"line":15,"column":0},"end":{"line":15,"column":54}},"17":{"start":{"line":18,"column":0},"end":{"line":18,"column":85}},"18":{"start":{"line":19,"column":0},"end":{"line":19,"column":33}},"19":{"start":{"line":20,"column":0},"end":{"line":20,"column":23}},"20":{"start":{"line":21,"column":0},"end":{"line":21,"column":26}},"21":{"start":{"line":22,"column":0},"end":{"line":22,"column":42}},"22":{"start":{"line":23,"column":0},"end":{"line":23,"column":14}},"23":{"start":{"line":24,"column":0},"end":{"line":24,"column":10}},"26":{"start":{"line":27,"column":0},"end":{"line":27,"column":84}},"27":{"start":{"line":28,"column":0},"end":{"line":28,"column":34}},"28":{"start":{"line":29,"column":0},"end":{"line":29,"column":27}},"29":{"start":{"line":30,"column":0},"end":{"line":30,"column":41}},"30":{"start":{"line":31,"column":0},"end":{"line":31,"column":39}},"31":{"start":{"line":32,"column":0},"end":{"line":32,"column":37}},"32":{"start":{"line":33,"column":0},"end":{"line":33,"column":47}},"33":{"start":{"line":34,"column":0},"end":{"line":34,"column":4}},"34":{"start":{"line":35,"column":0},"end":{"line":35,"column":26}},"35":{"start":{"line":36,"column":0},"end":{"line":36,"column":29}},"36":{"start":{"line":37,"column":0},"end":{"line":37,"column":48}},"37":{"start":{"line":38,"column":0},"end":{"line":38,"column":10}},"40":{"start":{"line":41,"column":0},"end":{"line":41,"column":74}},"41":{"start":{"line":42,"column":0},"end":{"line":42,"column":57}},"42":{"start":{"line":43,"column":0},"end":{"line":43,"column":28}},"43":{"start":{"line":44,"column":0},"end":{"line":44,"column":47}},"44":{"start":{"line":45,"column":0},"end":{"line":45,"column":27}},"45":{"start":{"line":46,"column":0},"end":{"line":46,"column":8}},"48":{"start":{"line":49,"column":0},"end":{"line":49,"column":41}},"50":{"start":{"line":51,"column":0},"end":{"line":51,"column":17}},"51":{"start":{"line":52,"column":0},"end":{"line":52,"column":13}},"52":{"start":{"line":53,"column":0},"end":{"line":53,"column":11}},"53":{"start":{"line":54,"column":0},"end":{"line":54,"column":22}},"54":{"start":{"line":55,"column":0},"end":{"line":55,"column":39}},"55":{"start":{"line":56,"column":0},"end":{"line":56,"column":53}},"56":{"start":{"line":57,"column":0},"end":{"line":57,"column":45}},"57":{"start":{"line":58,"column":0},"end":{"line":58,"column":55}},"58":{"start":{"line":59,"column":0},"end":{"line":59,"column":53}},"59":{"start":{"line":60,"column":0},"end":{"line":60,"column":39}},"60":{"start":{"line":61,"column":0},"end":{"line":61,"column":38}},"61":{"start":{"line":62,"column":0},"end":{"line":62,"column":45}},"62":{"start":{"line":63,"column":0},"end":{"line":63,"column":22}},"63":{"start":{"line":64,"column":0},"end":{"line":64,"column":8}},"64":{"start":{"line":65,"column":0},"end":{"line":65,"column":54}},"65":{"start":{"line":66,"column":0},"end":{"line":66,"column":48}},"66":{"start":{"line":67,"column":0},"end":{"line":67,"column":26}},"67":{"start":{"line":68,"column":0},"end":{"line":68,"column":39}},"68":{"start":{"line":69,"column":0},"end":{"line":69,"column":45}},"69":{"start":{"line":70,"column":0},"end":{"line":70,"column":8}},"70":{"start":{"line":71,"column":0},"end":{"line":71,"column":47}},"71":{"start":{"line":72,"column":0},"end":{"line":72,"column":44}},"72":{"start":{"line":73,"column":0},"end":{"line":73,"column":5}},"73":{"start":{"line":74,"column":0},"end":{"line":74,"column":4}},"74":{"start":{"line":75,"column":0},"end":{"line":75,"column":1}}},"s":{"0":1,"6":1,"7":7,"8":7,"11":7,"12":7,"13":7,"14":7,"17":7,"18":7,"19":7,"20":7,"21":7,"22":7,"23":7,"26":7,"27":7,"28":7,"29":7,"30":7,"31":7,"32":7,"33":7,"34":7,"35":7,"36":7,"37":7,"40":7,"41":1,"42":1,"43":1,"44":1,"45":0,"48":7,"50":7,"51":7,"52":7,"53":7,"54":7,"55":7,"56":7,"57":7,"58":7,"59":7,"60":7,"61":7,"62":7,"63":7,"64":7,"65":7,"66":7,"67":7,"68":7,"69":7,"70":7,"71":7,"72":7,"73":7,"74":7},"branchMap":{"0":{"type":"branch","line":7,"loc":{"start":{"line":7,"column":7},"end":{"line":75,"column":1}},"locations":[{"start":{"line":7,"column":7},"end":{"line":75,"column":1}}]},"1":{"type":"branch","line":8,"loc":{"start":{"line":8,"column":44},"end":{"line":8,"column":58}},"locations":[{"start":{"line":8,"column":44},"end":{"line":8,"column":58}}]},"2":{"type":"branch","line":18,"loc":{"start":{"line":18,"column":73},"end":{"line":18,"column":85}},"locations":[{"start":{"line":18,"column":73},"end":{"line":18,"column":85}}]},"3":{"type":"branch","line":27,"loc":{"start":{"line":27,"column":72},"end":{"line":27,"column":84}},"locations":[{"start":{"line":27,"column":72},"end":{"line":27,"column":84}}]},"4":{"type":"branch","line":41,"loc":{"start":{"line":41,"column":42},"end":{"line":41,"column":65}},"locations":[{"start":{"line":41,"column":42},"end":{"line":41,"column":65}}]},"5":{"type":"branch","line":41,"loc":{"start":{"line":41,"column":51},"end":{"line":46,"column":8}},"locations":[{"start":{"line":41,"column":51},"end":{"line":46,"column":8}}]},"6":{"type":"branch","line":45,"loc":{"start":{"line":45,"column":14},"end":{"line":45,"column":25}},"locations":[{"start":{"line":45,"column":14},"end":{"line":45,"column":25}}]},"7":{"type":"branch","line":45,"loc":{"start":{"line":45,"column":25},"end":{"line":46,"column":8}},"locations":[{"start":{"line":45,"column":25},"end":{"line":46,"column":8}}]},"8":{"type":"branch","line":65,"loc":{"start":{"line":65,"column":26},"end":{"line":65,"column":41}},"locations":[{"start":{"line":65,"column":26},"end":{"line":65,"column":41}}]},"9":{"type":"branch","line":65,"loc":{"start":{"line":65,"column":37},"end":{"line":65,"column":54}},"locations":[{"start":{"line":65,"column":37},"end":{"line":65,"column":54}}]},"10":{"type":"branch","line":66,"loc":{"start":{"line":66,"column":22},"end":{"line":66,"column":37}},"locations":[{"start":{"line":66,"column":22},"end":{"line":66,"column":37}}]},"11":{"type":"branch","line":66,"loc":{"start":{"line":66,"column":33},"end":{"line":66,"column":48}},"locations":[{"start":{"line":66,"column":33},"end":{"line":66,"column":48}}]},"12":{"type":"branch","line":71,"loc":{"start":{"line":71,"column":20},"end":{"line":71,"column":35}},"locations":[{"start":{"line":71,"column":20},"end":{"line":71,"column":35}}]},"13":{"type":"branch","line":71,"loc":{"start":{"line":71,"column":31},"end":{"line":71,"column":47}},"locations":[{"start":{"line":71,"column":31},"end":{"line":71,"column":47}}]},"14":{"type":"branch","line":72,"loc":{"start":{"line":72,"column":16},"end":{"line":72,"column":31}},"locations":[{"start":{"line":72,"column":16},"end":{"line":72,"column":31}}]},"15":{"type":"branch","line":72,"loc":{"start":{"line":72,"column":27},"end":{"line":72,"column":44}},"locations":[{"start":{"line":72,"column":27},"end":{"line":72,"column":44}}]}},"b":{"0":[7],"1":[0],"2":[0],"3":[0],"4":[6],"5":[1],"6":[0],"7":[0],"8":[1],"9":[6],"10":[1],"11":[6],"12":[1],"13":[6],"14":[1],"15":[6]},"fnMap":{"0":{"name":"getDashboardSummary","decl":{"start":{"line":7,"column":7},"end":{"line":75,"column":1}},"loc":{"start":{"line":7,"column":7},"end":{"line":75,"column":1}},"line":7}},"f":{"0":7}}
,"D:\\all-in-mvp\\overlays\\qoder\\qoder-monitor\\backend\\src\\api\\dashboard\\index.ts": {"path":"D:\\all-in-mvp\\overlays\\qoder\\qoder-monitor\\backend\\src\\api\\dashboard\\index.ts","all":true,"statementMap":{"0":{"start":{"line":1,"column":0},"end":{"line":1,"column":27}},"1":{"start":{"line":2,"column":0},"end":{"line":2,"column":48}},"3":{"start":{"line":4,"column":0},"end":{"line":4,"column":25}},"6":{"start":{"line":7,"column":0},"end":{"line":7,"column":43}},"8":{"start":{"line":9,"column":0},"end":{"line":9,"column":21}}},"s":{"0":0,"1":0,"3":0,"6":0,"8":0},"branchMap":{"0":{"type":"branch","line":1,"loc":{"start":{"line":1,"column":0},"end":{"line":9,"column":-121}},"locations":[{"start":{"line":1,"column":0},"end":{"line":9,"column":-121}}]}},"b":{"0":[0]},"fnMap":{"0":{"name":"(empty-report)","decl":{"start":{"line":1,"column":0},"end":{"line":9,"column":-121}},"loc":{"start":{"line":1,"column":0},"end":{"line":9,"column":-121}},"line":1}},"f":{"0":0}}
,"D:\\all-in-mvp\\overlays\\qoder\\qoder-monitor\\backend\\src\\api\\sessions\\handlers.ts": {"path":"D:\\all-in-mvp\\overlays\\qoder\\qoder-monitor\\backend\\src\\api\\sessions\\handlers.ts","all":true,"statementMap":{"0":{"start":{"line":1,"column":0},"end":{"line":1,"column":35}},"5":{"start":{"line":6,"column":0},"end":{"line":6,"column":42}},"6":{"start":{"line":7,"column":0},"end":{"line":7,"column":20}},"7":{"start":{"line":8,"column":0},"end":{"line":8,"column":27}},"8":{"start":{"line":9,"column":0},"end":{"line":9,"column":27}},"9":{"start":{"line":10,"column":0},"end":{"line":10,"column":41}},"10":{"start":{"line":11,"column":0},"end":{"line":11,"column":39}},"11":{"start":{"line":12,"column":0},"end":{"line":12,"column":37}},"12":{"start":{"line":13,"column":0},"end":{"line":13,"column":47}},"13":{"start":{"line":14,"column":0},"end":{"line":14,"column":4}},"14":{"start":{"line":15,"column":0},"end":{"line":15,"column":26}},"15":{"start":{"line":16,"column":0},"end":{"line":16,"column":48}},"16":{"start":{"line":17,"column":0},"end":{"line":17,"column":10}},"18":{"start":{"line":19,"column":0},"end":{"line":19,"column":67}},"19":{"start":{"line":20,"column":0},"end":{"line":20,"column":1}},"22":{"start":{"line":23,"column":0},"end":{"line":23,"column":44}},"23":{"start":{"line":24,"column":0},"end":{"line":24,"column":30}},"24":{"start":{"line":25,"column":0},"end":{"line":25,"column":12}},"25":{"start":{"line":26,"column":0},"end":{"line":26,"column":91}},"26":{"start":{"line":27,"column":0},"end":{"line":27,"column":3}},"28":{"start":{"line":29,"column":0},"end":{"line":29,"column":20}},"29":{"start":{"line":30,"column":0},"end":{"line":30,"column":29}},"30":{"start":{"line":31,"column":0},"end":{"line":31,"column":26}},"31":{"start":{"line":32,"column":0},"end":{"line":32,"column":38}},"32":{"start":{"line":33,"column":0},"end":{"line":33,"column":13}},"34":{"start":{"line":35,"column":0},"end":{"line":35,"column":17}},"35":{"start":{"line":36,"column":0},"end":{"line":36,"column":85}},"36":{"start":{"line":37,"column":0},"end":{"line":37,"column":3}},"38":{"start":{"line":39,"column":0},"end":{"line":39,"column":44}},"39":{"start":{"line":40,"column":0},"end":{"line":40,"column":1}}},"s":{"0":0,"5":0,"6":0,"7":0,"8":0,"9":0,"10":0,"11":0,"12":0,"13":0,"14":0,"15":0,"16":0,"18":0,"19":0,"22":0,"23":0,"24":0,"25":0,"26":0,"28":0,"29":0,"30":0,"31":0,"32":0,"34":0,"35":0,"36":0,"38":0,"39":0},"branchMap":{"0":{"type":"branch","line":1,"loc":{"start":{"line":1,"column":0},"end":{"line":40,"column":-278}},"locations":[{"start":{"line":1,"column":0},"end":{"line":40,"column":-278}}]}},"b":{"0":[0]},"fnMap":{"0":{"name":"(empty-report)","decl":{"start":{"line":1,"column":0},"end":{"line":40,"column":-278}},"loc":{"start":{"line":1,"column":0},"end":{"line":40,"column":-278}},"line":1}},"f":{"0":0}}
,"D:\\all-in-mvp\\overlays\\qoder\\qoder-monitor\\backend\\src\\api\\sessions\\index.ts": {"path":"D:\\all-in-mvp\\overlays\\qoder\\qoder-monitor\\backend\\src\\api\\sessions\\index.ts","all":true,"statementMap":{"0":{"start":{"line":1,"column":0},"end":{"line":1,"column":27}},"1":{"start":{"line":2,"column":0},"end":{"line":2,"column":57}},"3":{"start":{"line":4,"column":0},"end":{"line":4,"column":33}},"5":{"start":{"line":6,"column":0},"end":{"line":6,"column":37}},"6":{"start":{"line":7,"column":0},"end":{"line":7,"column":42}},"8":{"start":{"line":9,"column":0},"end":{"line":9,"column":29}}},"s":{"0":0,"1":0,"3":0,"5":0,"6":0,"8":0},"branchMap":{"0":{"type":"branch","line":1,"loc":{"start":{"line":1,"column":0},"end":{"line":9,"column":-116}},"locations":[{"start":{"line":1,"column":0},"end":{"line":9,"column":-116}}]}},"b":{"0":[0]},"fnMap":{"0":{"name":"(empty-report)","decl":{"start":{"line":1,"column":0},"end":{"line":9,"column":-116}},"loc":{"start":{"line":1,"column":0},"end":{"line":9,"column":-116}},"line":1}},"f":{"0":0}}
,"D:\\all-in-mvp\\overlays\\qoder\\qoder-monitor\\backend\\src\\api\\stats\\handlers.ts": {"path":"D:\\all-in-mvp\\overlays\\qoder\\qoder-monitor\\backend\\src\\api\\stats\\handlers.ts","all":true,"statementMap":{"0":{"start":{"line":1,"column":0},"end":{"line":1,"column":35}},"4":{"start":{"line":5,"column":0},"end":{"line":5,"column":49}},"5":{"start":{"line":6,"column":0},"end":{"line":6,"column":45}},"6":{"start":{"line":7,"column":0},"end":{"line":7,"column":52}},"7":{"start":{"line":8,"column":0},"end":{"line":8,"column":42}},"8":{"start":{"line":9,"column":0},"end":{"line":9,"column":1}},"11":{"start":{"line":12,"column":0},"end":{"line":12,"column":48}},"12":{"start":{"line":13,"column":0},"end":{"line":13,"column":45}},"13":{"start":{"line":14,"column":0},"end":{"line":14,"column":50}},"14":{"start":{"line":15,"column":0},"end":{"line":15,"column":41}},"15":{"start":{"line":16,"column":0},"end":{"line":16,"column":1}},"18":{"start":{"line":19,"column":0},"end":{"line":19,"column":51}},"19":{"start":{"line":20,"column":0},"end":{"line":20,"column":45}},"20":{"start":{"line":21,"column":0},"end":{"line":21,"column":56}},"21":{"start":{"line":22,"column":0},"end":{"line":22,"column":44}},"22":{"start":{"line":23,"column":0},"end":{"line":23,"column":1}},"25":{"start":{"line":26,"column":0},"end":{"line":26,"column":57}},"26":{"start":{"line":27,"column":0},"end":{"line":27,"column":45}},"27":{"start":{"line":28,"column":0},"end":{"line":28,"column":67}},"28":{"start":{"line":29,"column":0},"end":{"line":29,"column":60}},"29":{"start":{"line":30,"column":0},"end":{"line":30,"column":1}}},"s":{"0":0,"4":0,"5":0,"6":0,"7":0,"8":0,"11":0,"12":0,"13":0,"14":0,"15":0,"18":0,"19":0,"20":0,"21":0,"22":0,"25":0,"26":0,"27":0,"28":0,"29":0},"branchMap":{"0":{"type":"branch","line":1,"loc":{"start":{"line":1,"column":1475},"end":{"line":36,"column":62}},"locations":[{"start":{"line":1,"column":1475},"end":{"line":36,"column":62}}]}},"b":{"0":[0]},"fnMap":{"0":{"name":"(empty-report)","decl":{"start":{"line":1,"column":1475},"end":{"line":36,"column":62}},"loc":{"start":{"line":1,"column":1475},"end":{"line":36,"column":62}},"line":1}},"f":{"0":0}}
,"D:\\all-in-mvp\\overlays\\qoder\\qoder-monitor\\backend\\src\\api\\stats\\index.ts": {"path":"D:\\all-in-mvp\\overlays\\qoder\\qoder-monitor\\backend\\src\\api\\stats\\index.ts","all":true,"statementMap":{"0":{"start":{"line":1,"column":0},"end":{"line":1,"column":27}},"1":{"start":{"line":2,"column":0},"end":{"line":2,"column":92}},"3":{"start":{"line":4,"column":0},"end":{"line":4,"column":25}},"6":{"start":{"line":7,"column":0},"end":{"line":7,"column":34}},"9":{"start":{"line":10,"column":0},"end":{"line":10,"column":32}},"12":{"start":{"line":13,"column":0},"end":{"line":13,"column":38}},"15":{"start":{"line":16,"column":0},"end":{"line":16,"column":55}},"17":{"start":{"line":18,"column":0},"end":{"line":18,"column":21}}},"s":{"0":0,"1":0,"3":0,"6":0,"9":0,"12":0,"15":0,"17":0},"branchMap":{"0":{"type":"branch","line":1,"loc":{"start":{"line":1,"column":0},"end":{"line":18,"column":-5}},"locations":[{"start":{"line":1,"column":0},"end":{"line":18,"column":-5}}]}},"b":{"0":[0]},"fnMap":{"0":{"name":"(empty-report)","decl":{"start":{"line":1,"column":0},"end":{"line":18,"column":-5}},"loc":{"start":{"line":1,"column":0},"end":{"line":18,"column":-5}},"line":1}},"f":{"0":0}}
,"D:\\all-in-mvp\\overlays\\qoder\\qoder-monitor\\backend\\src\\api\\system\\handlers.ts": {"path":"D:\\all-in-mvp\\overlays\\qoder\\qoder-monitor\\backend\\src\\api\\system\\handlers.ts","all":true,"statementMap":{"0":{"start":{"line":1,"column":0},"end":{"line":1,"column":35}},"7":{"start":{"line":8,"column":0},"end":{"line":8,"column":41}},"8":{"start":{"line":9,"column":0},"end":{"line":9,"column":7}},"9":{"start":{"line":10,"column":0},"end":{"line":10,"column":22}},"10":{"start":{"line":11,"column":0},"end":{"line":11,"column":30}},"13":{"start":{"line":14,"column":0},"end":{"line":14,"column":27}},"14":{"start":{"line":15,"column":0},"end":{"line":15,"column":18}},"15":{"start":{"line":16,"column":0},"end":{"line":16,"column":21}},"17":{"start":{"line":18,"column":0},"end":{"line":18,"column":9}},"18":{"start":{"line":19,"column":0},"end":{"line":19,"column":66}},"19":{"start":{"line":20,"column":0},"end":{"line":20,"column":36}},"22":{"start":{"line":23,"column":0},"end":{"line":23,"column":70}},"23":{"start":{"line":24,"column":0},"end":{"line":24,"column":34}},"24":{"start":{"line":25,"column":0},"end":{"line":25,"column":41}},"25":{"start":{"line":26,"column":0},"end":{"line":26,"column":7}},"28":{"start":{"line":29,"column":0},"end":{"line":29,"column":94}},"29":{"start":{"line":30,"column":0},"end":{"line":30,"column":38}},"30":{"start":{"line":31,"column":0},"end":{"line":31,"column":13}},"31":{"start":{"line":32,"column":0},"end":{"line":32,"column":25}},"32":{"start":{"line":33,"column":0},"end":{"line":33,"column":5}},"34":{"start":{"line":35,"column":0},"end":{"line":35,"column":19}},"35":{"start":{"line":36,"column":0},"end":{"line":36,"column":15}},"36":{"start":{"line":37,"column":0},"end":{"line":37,"column":13}},"37":{"start":{"line":38,"column":0},"end":{"line":38,"column":53}},"38":{"start":{"line":39,"column":0},"end":{"line":39,"column":44}},"39":{"start":{"line":40,"column":0},"end":{"line":40,"column":34}},"40":{"start":{"line":41,"column":0},"end":{"line":41,"column":24}},"41":{"start":{"line":42,"column":0},"end":{"line":42,"column":30}},"42":{"start":{"line":43,"column":0},"end":{"line":43,"column":7}},"43":{"start":{"line":44,"column":0},"end":{"line":44,"column":6}},"44":{"start":{"line":45,"column":0},"end":{"line":45,"column":17}},"45":{"start":{"line":46,"column":0},"end":{"line":46,"column":19}},"46":{"start":{"line":47,"column":0},"end":{"line":47,"column":15}},"47":{"start":{"line":48,"column":0},"end":{"line":48,"column":13}},"48":{"start":{"line":49,"column":0},"end":{"line":49,"column":27}},"49":{"start":{"line":50,"column":0},"end":{"line":50,"column":44}},"50":{"start":{"line":51,"column":0},"end":{"line":51,"column":28}},"51":{"start":{"line":52,"column":0},"end":{"line":52,"column":19}},"52":{"start":{"line":53,"column":0},"end":{"line":53,"column":22}},"53":{"start":{"line":54,"column":0},"end":{"line":54,"column":7}},"54":{"start":{"line":55,"column":0},"end":{"line":55,"column":6}},"55":{"start":{"line":56,"column":0},"end":{"line":56,"column":3}},"56":{"start":{"line":57,"column":0},"end":{"line":57,"column":1}},"59":{"start":{"line":60,"column":0},"end":{"line":60,"column":42}},"60":{"start":{"line":61,"column":0},"end":{"line":61,"column":7}},"61":{"start":{"line":62,"column":0},"end":{"line":62,"column":22}},"62":{"start":{"line":63,"column":0},"end":{"line":63,"column":30}},"65":{"start":{"line":66,"column":0},"end":{"line":66,"column":39}},"68":{"start":{"line":69,"column":0},"end":{"line":69,"column":34}},"69":{"start":{"line":70,"column":0},"end":{"line":70,"column":41}},"70":{"start":{"line":71,"column":0},"end":{"line":71,"column":33}},"71":{"start":{"line":72,"column":0},"end":{"line":72,"column":36}},"73":{"start":{"line":74,"column":0},"end":{"line":74,"column":38}},"76":{"start":{"line":77,"column":0},"end":{"line":77,"column":55}},"77":{"start":{"line":78,"column":0},"end":{"line":78,"column":57}},"78":{"start":{"line":79,"column":0},"end":{"line":79,"column":35}},"79":{"start":{"line":80,"column":0},"end":{"line":80,"column":11}},"80":{"start":{"line":81,"column":0},"end":{"line":81,"column":32}},"81":{"start":{"line":82,"column":0},"end":{"line":82,"column":15}},"83":{"start":{"line":84,"column":0},"end":{"line":84,"column":7}},"84":{"start":{"line":85,"column":0},"end":{"line":85,"column":5}},"86":{"start":{"line":87,"column":0},"end":{"line":87,"column":19}},"87":{"start":{"line":88,"column":0},"end":{"line":88,"column":15}},"88":{"start":{"line":89,"column":0},"end":{"line":89,"column":13}},"89":{"start":{"line":90,"column":0},"end":{"line":90,"column":27}},"90":{"start":{"line":91,"column":0},"end":{"line":91,"column":73}},"91":{"start":{"line":92,"column":0},"end":{"line":92,"column":7}},"92":{"start":{"line":93,"column":0},"end":{"line":93,"column":6}},"93":{"start":{"line":94,"column":0},"end":{"line":94,"column":17}},"94":{"start":{"line":95,"column":0},"end":{"line":95,"column":19}},"95":{"start":{"line":96,"column":0},"end":{"line":96,"column":16}},"96":{"start":{"line":97,"column":0},"end":{"line":97,"column":58}},"97":{"start":{"line":98,"column":0},"end":{"line":98,"column":11}},"98":{"start":{"line":99,"column":0},"end":{"line":99,"column":3}},"99":{"start":{"line":100,"column":0},"end":{"line":100,"column":1}}},"s":{"0":0,"7":0,"8":0,"9":0,"10":0,"13":0,"14":0,"15":0,"17":0,"18":0,"19":0,"22":0,"23":0,"24":0,"25":0,"28":0,"29":0,"30":0,"31":0,"32":0,"34":0,"35":0,"36":0,"37":0,"38":0,"39":0,"40":0,"41":0,"42":0,"43":0,"44":0,"45":0,"46":0,"47":0,"48":0,"49":0,"50":0,"51":0,"52":0,"53":0,"54":0,"55":0,"56":0,"59":0,"60":0,"61":0,"62":0,"65":0,"68":0,"69":0,"70":0,"71":0,"73":0,"76":0,"77":0,"78":0,"79":0,"80":0,"81":0,"83":0,"84":0,"86":0,"87":0,"88":0,"89":0,"90":0,"91":0,"92":0,"93":0,"94":0,"95":0,"96":0,"97":0,"98":0,"99":0},"branchMap":{"0":{"type":"branch","line":1,"loc":{"start":{"line":1,"column":0},"end":{"line":100,"column":-299}},"locations":[{"start":{"line":1,"column":0},"end":{"line":100,"column":-299}}]}},"b":{"0":[0]},"fnMap":{"0":{"name":"(empty-report)","decl":{"start":{"line":1,"column":0},"end":{"line":100,"column":-299}},"loc":{"start":{"line":1,"column":0},"end":{"line":100,"column":-299}},"line":1}},"f":{"0":0}}
,"D:\\all-in-mvp\\overlays\\qoder\\qoder-monitor\\backend\\src\\api\\system\\index.ts": {"path":"D:\\all-in-mvp\\overlays\\qoder\\qoder-monitor\\backend\\src\\api\\system\\index.ts","all":true,"statementMap":{"0":{"start":{"line":1,"column":0},"end":{"line":1,"column":27}},"1":{"start":{"line":2,"column":0},"end":{"line":2,"column":54}},"3":{"start":{"line":4,"column":0},"end":{"line":4,"column":25}},"6":{"start":{"line":7,"column":0},"end":{"line":7,"column":34}},"9":{"start":{"line":10,"column":0},"end":{"line":10,"column":36}},"11":{"start":{"line":12,"column":0},"end":{"line":12,"column":21}}},"s":{"0":0,"1":0,"3":0,"6":0,"9":0,"11":0},"branchMap":{"0":{"type":"branch","line":1,"loc":{"start":{"line":1,"column":0},"end":{"line":12,"column":-91}},"locations":[{"start":{"line":1,"column":0},"end":{"line":12,"column":-91}}]}},"b":{"0":[0]},"fnMap":{"0":{"name":"(empty-report)","decl":{"start":{"line":1,"column":0},"end":{"line":12,"column":-91}},"loc":{"start":{"line":1,"column":0},"end":{"line":12,"column":-91}},"line":1}},"f":{"0":0}}
,"D:\\all-in-mvp\\overlays\\qoder\\qoder-monitor\\backend\\src\\api\\turns\\handlers.ts": {"path":"D:\\all-in-mvp\\overlays\\qoder\\qoder-monitor\\backend\\src\\api\\turns\\handlers.ts","all":true,"statementMap":{"0":{"start":{"line":1,"column":0},"end":{"line":1,"column":35}},"5":{"start":{"line":6,"column":0},"end":{"line":6,"column":46}},"6":{"start":{"line":7,"column":0},"end":{"line":7,"column":20}},"7":{"start":{"line":8,"column":0},"end":{"line":8,"column":33}},"10":{"start":{"line":11,"column":0},"end":{"line":11,"column":126}},"11":{"start":{"line":12,"column":0},"end":{"line":12,"column":105}},"12":{"start":{"line":13,"column":0},"end":{"line":13,"column":3}},"13":{"start":{"line":14,"column":0},"end":{"line":14,"column":59}},"14":{"start":{"line":15,"column":0},"end":{"line":15,"column":101}},"15":{"start":{"line":16,"column":0},"end":{"line":16,"column":3}},"16":{"start":{"line":17,"column":0},"end":{"line":17,"column":24}},"17":{"start":{"line":18,"column":0},"end":{"line":18,"column":94}},"18":{"start":{"line":19,"column":0},"end":{"line":19,"column":3}},"21":{"start":{"line":22,"column":0},"end":{"line":22,"column":37}},"22":{"start":{"line":23,"column":0},"end":{"line":23,"column":28}},"23":{"start":{"line":24,"column":0},"end":{"line":24,"column":110}},"24":{"start":{"line":25,"column":0},"end":{"line":25,"column":3}},"27":{"start":{"line":28,"column":0},"end":{"line":28,"column":76}},"28":{"start":{"line":29,"column":0},"end":{"line":29,"column":74}},"29":{"start":{"line":30,"column":0},"end":{"line":30,"column":3}},"32":{"start":{"line":33,"column":0},"end":{"line":33,"column":44}},"33":{"start":{"line":34,"column":0},"end":{"line":34,"column":35}},"34":{"start":{"line":35,"column":0},"end":{"line":35,"column":25}},"35":{"start":{"line":36,"column":0},"end":{"line":36,"column":13}},"36":{"start":{"line":37,"column":0},"end":{"line":37,"column":12}},"37":{"start":{"line":38,"column":0},"end":{"line":38,"column":54}},"38":{"start":{"line":39,"column":0},"end":{"line":39,"column":61}},"39":{"start":{"line":40,"column":0},"end":{"line":40,"column":41}},"40":{"start":{"line":41,"column":0},"end":{"line":41,"column":73}},"41":{"start":{"line":42,"column":0},"end":{"line":42,"column":9}},"42":{"start":{"line":43,"column":0},"end":{"line":43,"column":7}},"43":{"start":{"line":44,"column":0},"end":{"line":44,"column":12}},"45":{"start":{"line":46,"column":0},"end":{"line":46,"column":33}},"46":{"start":{"line":47,"column":0},"end":{"line":47,"column":85}},"47":{"start":{"line":48,"column":0},"end":{"line":48,"column":5}},"48":{"start":{"line":49,"column":0},"end":{"line":49,"column":3}},"51":{"start":{"line":52,"column":0},"end":{"line":52,"column":27}},"52":{"start":{"line":53,"column":0},"end":{"line":53,"column":32}},"53":{"start":{"line":54,"column":0},"end":{"line":54,"column":25}},"54":{"start":{"line":55,"column":0},"end":{"line":55,"column":13}},"55":{"start":{"line":56,"column":0},"end":{"line":56,"column":12}},"56":{"start":{"line":57,"column":0},"end":{"line":57,"column":54}},"57":{"start":{"line":58,"column":0},"end":{"line":58,"column":38}},"58":{"start":{"line":59,"column":0},"end":{"line":59,"column":72}},"59":{"start":{"line":60,"column":0},"end":{"line":60,"column":9}},"60":{"start":{"line":61,"column":0},"end":{"line":61,"column":7}},"61":{"start":{"line":62,"column":0},"end":{"line":62,"column":12}},"63":{"start":{"line":64,"column":0},"end":{"line":64,"column":30}},"64":{"start":{"line":65,"column":0},"end":{"line":65,"column":86}},"65":{"start":{"line":66,"column":0},"end":{"line":66,"column":5}},"66":{"start":{"line":67,"column":0},"end":{"line":67,"column":3}},"69":{"start":{"line":70,"column":0},"end":{"line":70,"column":61}},"70":{"start":{"line":71,"column":0},"end":{"line":71,"column":55}},"71":{"start":{"line":72,"column":0},"end":{"line":72,"column":59}},"74":{"start":{"line":75,"column":0},"end":{"line":75,"column":50}},"76":{"start":{"line":77,"column":0},"end":{"line":77,"column":68}},"77":{"start":{"line":78,"column":0},"end":{"line":78,"column":3}},"80":{"start":{"line":81,"column":0},"end":{"line":81,"column":58}},"83":{"start":{"line":84,"column":0},"end":{"line":84,"column":28}},"84":{"start":{"line":85,"column":0},"end":{"line":85,"column":45}},"85":{"start":{"line":86,"column":0},"end":{"line":86,"column":116}},"86":{"start":{"line":87,"column":0},"end":{"line":87,"column":5}},"87":{"start":{"line":88,"column":0},"end":{"line":88,"column":3}},"90":{"start":{"line":91,"column":0},"end":{"line":91,"column":59}},"91":{"start":{"line":92,"column":0},"end":{"line":92,"column":51}},"92":{"start":{"line":93,"column":0},"end":{"line":93,"column":10}},"94":{"start":{"line":95,"column":0},"end":{"line":95,"column":37}},"95":{"start":{"line":96,"column":0},"end":{"line":96,"column":39}},"96":{"start":{"line":97,"column":0},"end":{"line":97,"column":26}},"97":{"start":{"line":98,"column":0},"end":{"line":98,"column":30}},"98":{"start":{"line":99,"column":0},"end":{"line":99,"column":35}},"99":{"start":{"line":100,"column":0},"end":{"line":100,"column":12}},"100":{"start":{"line":101,"column":0},"end":{"line":101,"column":3}},"103":{"start":{"line":104,"column":0},"end":{"line":104,"column":79}},"106":{"start":{"line":107,"column":0},"end":{"line":107,"column":35}},"109":{"start":{"line":110,"column":0},"end":{"line":110,"column":34}},"110":{"start":{"line":111,"column":0},"end":{"line":111,"column":15}},"111":{"start":{"line":112,"column":0},"end":{"line":112,"column":31}},"112":{"start":{"line":113,"column":0},"end":{"line":113,"column":33}},"113":{"start":{"line":114,"column":0},"end":{"line":114,"column":30}},"114":{"start":{"line":115,"column":0},"end":{"line":115,"column":30}},"115":{"start":{"line":116,"column":0},"end":{"line":116,"column":31}},"116":{"start":{"line":117,"column":0},"end":{"line":117,"column":39}},"117":{"start":{"line":118,"column":0},"end":{"line":118,"column":35}},"118":{"start":{"line":119,"column":0},"end":{"line":119,"column":30}},"119":{"start":{"line":120,"column":0},"end":{"line":120,"column":14}},"120":{"start":{"line":121,"column":0},"end":{"line":121,"column":36}},"121":{"start":{"line":122,"column":0},"end":{"line":122,"column":18}},"122":{"start":{"line":123,"column":0},"end":{"line":123,"column":16}},"123":{"start":{"line":124,"column":0},"end":{"line":124,"column":17}},"124":{"start":{"line":125,"column":0},"end":{"line":125,"column":39}},"125":{"start":{"line":126,"column":0},"end":{"line":126,"column":54}},"126":{"start":{"line":127,"column":0},"end":{"line":127,"column":31}},"127":{"start":{"line":128,"column":0},"end":{"line":128,"column":28}},"128":{"start":{"line":129,"column":0},"end":{"line":129,"column":43}},"129":{"start":{"line":130,"column":0},"end":{"line":130,"column":10}},"132":{"start":{"line":133,"column":0},"end":{"line":133,"column":28}},"133":{"start":{"line":134,"column":0},"end":{"line":134,"column":10}},"134":{"start":{"line":135,"column":0},"end":{"line":135,"column":37}},"135":{"start":{"line":136,"column":0},"end":{"line":136,"column":60}},"136":{"start":{"line":137,"column":0},"end":{"line":137,"column":35}},"137":{"start":{"line":138,"column":0},"end":{"line":138,"column":71}},"138":{"start":{"line":139,"column":0},"end":{"line":139,"column":65}},"139":{"start":{"line":140,"column":0},"end":{"line":140,"column":55}},"140":{"start":{"line":141,"column":0},"end":{"line":141,"column":6}},"141":{"start":{"line":142,"column":0},"end":{"line":142,"column":51}},"142":{"start":{"line":143,"column":0},"end":{"line":143,"column":10}},"144":{"start":{"line":145,"column":0},"end":{"line":145,"column":80}},"145":{"start":{"line":146,"column":0},"end":{"line":146,"column":1}},"148":{"start":{"line":149,"column":0},"end":{"line":149,"column":44}},"149":{"start":{"line":150,"column":0},"end":{"line":150,"column":20}},"150":{"start":{"line":151,"column":0},"end":{"line":151,"column":45}},"151":{"start":{"line":152,"column":0},"end":{"line":152,"column":34}},"152":{"start":{"line":153,"column":0},"end":{"line":153,"column":36}},"153":{"start":{"line":154,"column":0},"end":{"line":154,"column":36}},"154":{"start":{"line":155,"column":0},"end":{"line":155,"column":40}},"155":{"start":{"line":156,"column":0},"end":{"line":156,"column":51}},"156":{"start":{"line":157,"column":0},"end":{"line":157,"column":61}},"158":{"start":{"line":159,"column":0},"end":{"line":159,"column":23}},"160":{"start":{"line":161,"column":0},"end":{"line":161,"column":71}},"161":{"start":{"line":162,"column":0},"end":{"line":162,"column":74}},"162":{"start":{"line":163,"column":0},"end":{"line":163,"column":63}},"163":{"start":{"line":164,"column":0},"end":{"line":164,"column":59}},"164":{"start":{"line":165,"column":0},"end":{"line":165,"column":71}},"166":{"start":{"line":167,"column":0},"end":{"line":167,"column":70}},"167":{"start":{"line":168,"column":0},"end":{"line":168,"column":38}},"169":{"start":{"line":170,"column":0},"end":{"line":170,"column":27}},"170":{"start":{"line":171,"column":0},"end":{"line":171,"column":23}},"171":{"start":{"line":172,"column":0},"end":{"line":172,"column":17}},"172":{"start":{"line":173,"column":0},"end":{"line":173,"column":42}},"173":{"start":{"line":174,"column":0},"end":{"line":174,"column":20}},"174":{"start":{"line":175,"column":0},"end":{"line":175,"column":19}},"175":{"start":{"line":176,"column":0},"end":{"line":176,"column":10}},"177":{"start":{"line":178,"column":0},"end":{"line":178,"column":59}},"178":{"start":{"line":179,"column":0},"end":{"line":179,"column":23}},"179":{"start":{"line":180,"column":0},"end":{"line":180,"column":17}},"180":{"start":{"line":181,"column":0},"end":{"line":181,"column":19}},"182":{"start":{"line":183,"column":0},"end":{"line":183,"column":17}},"183":{"start":{"line":184,"column":0},"end":{"line":184,"column":13}},"184":{"start":{"line":185,"column":0},"end":{"line":185,"column":53}},"185":{"start":{"line":186,"column":0},"end":{"line":186,"column":4}},"186":{"start":{"line":187,"column":0},"end":{"line":187,"column":1}},"189":{"start":{"line":190,"column":0},"end":{"line":190,"column":47}},"190":{"start":{"line":191,"column":0},"end":{"line":191,"column":20}},"191":{"start":{"line":192,"column":0},"end":{"line":192,"column":30}},"193":{"start":{"line":194,"column":0},"end":{"line":194,"column":12}},"194":{"start":{"line":195,"column":0},"end":{"line":195,"column":89}},"195":{"start":{"line":196,"column":0},"end":{"line":196,"column":3}},"197":{"start":{"line":198,"column":0},"end":{"line":198,"column":26}},"198":{"start":{"line":199,"column":0},"end":{"line":199,"column":23}},"199":{"start":{"line":200,"column":0},"end":{"line":200,"column":35}},"200":{"start":{"line":201,"column":0},"end":{"line":201,"column":10}},"202":{"start":{"line":203,"column":0},"end":{"line":203,"column":26}},"203":{"start":{"line":204,"column":0},"end":{"line":204,"column":85}},"204":{"start":{"line":205,"column":0},"end":{"line":205,"column":3}},"206":{"start":{"line":207,"column":0},"end":{"line":207,"column":44}},"207":{"start":{"line":208,"column":0},"end":{"line":208,"column":1}}},"s":{"0":0,"5":0,"6":0,"7":0,"10":0,"11":0,"12":0,"13":0,"14":0,"15":0,"16":0,"17":0,"18":0,"21":0,"22":0,"23":0,"24":0,"27":0,"28":0,"29":0,"32":0,"33":0,"34":0,"35":0,"36":0,"37":0,"38":0,"39":0,"40":0,"41":0,"42":0,"43":0,"45":0,"46":0,"47":0,"48":0,"51":0,"52":0,"53":0,"54":0,"55":0,"56":0,"57":0,"58":0,"59":0,"60":0,"61":0,"63":0,"64":0,"65":0,"66":0,"69":0,"70":0,"71":0,"74":0,"76":0,"77":0,"80":0,"83":0,"84":0,"85":0,"86":0,"87":0,"90":0,"91":0,"92":0,"94":0,"95":0,"96":0,"97":0,"98":0,"99":0,"100":0,"103":0,"106":0,"109":0,"110":0,"111":0,"112":0,"113":0,"114":0,"115":0,"116":0,"117":0,"118":0,"119":0,"120":0,"121":0,"122":0,"123":0,"124":0,"125":0,"126":0,"127":0,"128":0,"129":0,"132":0,"133":0,"134":0,"135":0,"136":0,"137":0,"138":0,"139":0,"140":0,"141":0,"142":0,"144":0,"145":0,"148":0,"149":0,"150":0,"151":0,"152":0,"153":0,"154":0,"155":0,"156":0,"158":0,"160":0,"161":0,"162":0,"163":0,"164":0,"166":0,"167":0,"169":0,"170":0,"171":0,"172":0,"173":0,"174":0,"175":0,"177":0,"178":0,"179":0,"180":0,"182":0,"183":0,"184":0,"185":0,"186":0,"189":0,"190":0,"191":0,"193":0,"194":0,"195":0,"197":0,"198":0,"199":0,"200":0,"202":0,"203":0,"204":0,"206":0,"207":0},"branchMap":{"0":{"type":"branch","line":1,"loc":{"start":{"line":1,"column":0},"end":{"line":208,"column":-359}},"locations":[{"start":{"line":1,"column":0},"end":{"line":208,"column":-359}}]}},"b":{"0":[0]},"fnMap":{"0":{"name":"(empty-report)","decl":{"start":{"line":1,"column":0},"end":{"line":208,"column":-359}},"loc":{"start":{"line":1,"column":0},"end":{"line":208,"column":-359}},"line":1}},"f":{"0":0}}
,"D:\\all-in-mvp\\overlays\\qoder\\qoder-monitor\\backend\\src\\api\\turns\\index.ts": {"path":"D:\\all-in-mvp\\overlays\\qoder\\qoder-monitor\\backend\\src\\api\\turns\\index.ts","all":true,"statementMap":{"0":{"start":{"line":1,"column":0},"end":{"line":1,"column":27}},"1":{"start":{"line":2,"column":0},"end":{"line":2,"column":62}},"3":{"start":{"line":4,"column":0},"end":{"line":4,"column":25}},"6":{"start":{"line":7,"column":0},"end":{"line":7,"column":28}},"9":{"start":{"line":10,"column":0},"end":{"line":10,"column":25}},"12":{"start":{"line":13,"column":0},"end":{"line":13,"column":31}},"14":{"start":{"line":15,"column":0},"end":{"line":15,"column":21}}},"s":{"0":0,"1":0,"3":0,"6":0,"9":0,"12":0,"14":0},"branchMap":{"0":{"type":"branch","line":1,"loc":{"start":{"line":1,"column":0},"end":{"line":15,"column":-81}},"locations":[{"start":{"line":1,"column":0},"end":{"line":15,"column":-81}}]}},"b":{"0":[0]},"fnMap":{"0":{"name":"(empty-report)","decl":{"start":{"line":1,"column":0},"end":{"line":15,"column":-81}},"loc":{"start":{"line":1,"column":0},"end":{"line":15,"column":-81}},"line":1}},"f":{"0":0}}
,"D:\\all-in-mvp\\overlays\\qoder\\qoder-monitor\\backend\\src\\db\\index.ts": {"path":"D:\\all-in-mvp\\overlays\\qoder\\qoder-monitor\\backend\\src\\db\\index.ts","all":false,"statementMap":{"0":{"start":{"line":1,"column":0},"end":{"line":1,"column":37}},"6":{"start":{"line":7,"column":0},"end":{"line":7,"column":50}},"7":{"start":{"line":8,"column":0},"end":{"line":8,"column":47}},"9":{"start":{"line":10,"column":0},"end":{"line":10,"column":64}},"10":{"start":{"line":11,"column":0},"end":{"line":11,"column":44}},"12":{"start":{"line":13,"column":0},"end":{"line":13,"column":68}},"13":{"start":{"line":14,"column":0},"end":{"line":14,"column":13}},"14":{"start":{"line":15,"column":0},"end":{"line":15,"column":33}},"15":{"start":{"line":16,"column":0},"end":{"line":16,"column":47}},"16":{"start":{"line":17,"column":0},"end":{"line":17,"column":5}},"17":{"start":{"line":18,"column":0},"end":{"line":18,"column":35}},"18":{"start":{"line":19,"column":0},"end":{"line":19,"column":40}},"19":{"start":{"line":20,"column":0},"end":{"line":20,"column":39}},"20":{"start":{"line":21,"column":0},"end":{"line":21,"column":38}},"21":{"start":{"line":22,"column":0},"end":{"line":22,"column":3}},"22":{"start":{"line":23,"column":0},"end":{"line":23,"column":12}},"23":{"start":{"line":24,"column":0},"end":{"line":24,"column":1}},"25":{"start":{"line":26,"column":0},"end":{"line":26,"column":48}},"26":{"start":{"line":27,"column":0},"end":{"line":27,"column":17}},"27":{"start":{"line":28,"column":0},"end":{"line":28,"column":11}},"28":{"start":{"line":29,"column":0},"end":{"line":29,"column":3}},"29":{"start":{"line":30,"column":0},"end":{"line":30,"column":17}},"30":{"start":{"line":31,"column":0},"end":{"line":31,"column":1}},"32":{"start":{"line":33,"column":0},"end":{"line":33,"column":33}},"33":{"start":{"line":34,"column":0},"end":{"line":34,"column":16}},"34":{"start":{"line":35,"column":0},"end":{"line":35,"column":19}},"35":{"start":{"line":36,"column":0},"end":{"line":36,"column":18}},"36":{"start":{"line":37,"column":0},"end":{"line":37,"column":14}},"37":{"start":{"line":38,"column":0},"end":{"line":38,"column":3}},"38":{"start":{"line":39,"column":0},"end":{"line":39,"column":1}}},"s":{"0":1,"6":1,"7":1,"9":1,"10":1,"12":1,"13":102,"14":7,"15":0,"16":0,"17":7,"18":7,"19":7,"20":7,"21":7,"22":102,"23":102,"25":1,"26":0,"27":0,"28":0,"29":0,"30":0,"32":1,"33":7,"34":7,"35":7,"36":7,"37":7,"38":7},"branchMap":{"0":{"type":"branch","line":13,"loc":{"start":{"line":13,"column":7},"end":{"line":24,"column":1}},"locations":[{"start":{"line":13,"column":7},"end":{"line":24,"column":1}}]},"1":{"type":"branch","line":14,"loc":{"start":{"line":14,"column":12},"end":{"line":22,"column":3}},"locations":[{"start":{"line":14,"column":12},"end":{"line":22,"column":3}}]},"2":{"type":"branch","line":15,"loc":{"start":{"line":15,"column":32},"end":{"line":17,"column":5}},"locations":[{"start":{"line":15,"column":32},"end":{"line":17,"column":5}}]},"3":{"type":"branch","line":33,"loc":{"start":{"line":33,"column":7},"end":{"line":39,"column":1}},"locations":[{"start":{"line":33,"column":7},"end":{"line":39,"column":1}}]}},"b":{"0":[102],"1":[7],"2":[0],"3":[7]},"fnMap":{"0":{"name":"getDb","decl":{"start":{"line":13,"column":7},"end":{"line":24,"column":1}},"loc":{"start":{"line":13,"column":7},"end":{"line":24,"column":1}},"line":13},"1":{"name":"getSqlite","decl":{"start":{"line":26,"column":7},"end":{"line":31,"column":1}},"loc":{"start":{"line":26,"column":7},"end":{"line":31,"column":1}},"line":26},"2":{"name":"closeDb","decl":{"start":{"line":33,"column":7},"end":{"line":39,"column":1}},"loc":{"start":{"line":33,"column":7},"end":{"line":39,"column":1}},"line":33}},"f":{"0":102,"1":0,"2":7}}
,"D:\\all-in-mvp\\overlays\\qoder\\qoder-monitor\\backend\\src\\db\\schema.ts": {"path":"D:\\all-in-mvp\\overlays\\qoder\\qoder-monitor\\backend\\src\\db\\schema.ts","all":false,"statementMap":{"0":{"start":{"line":1,"column":0},"end":{"line":1,"column":94}},"5":{"start":{"line":6,"column":0},"end":{"line":6,"column":49}},"6":{"start":{"line":7,"column":0},"end":{"line":7,"column":30}},"7":{"start":{"line":8,"column":0},"end":{"line":8,"column":68}},"8":{"start":{"line":9,"column":0},"end":{"line":9,"column":79}},"9":{"start":{"line":10,"column":0},"end":{"line":10,"column":56}},"10":{"start":{"line":11,"column":0},"end":{"line":11,"column":54}},"11":{"start":{"line":12,"column":0},"end":{"line":12,"column":75}},"12":{"start":{"line":13,"column":0},"end":{"line":13,"column":71}},"13":{"start":{"line":14,"column":0},"end":{"line":14,"column":60}},"14":{"start":{"line":15,"column":0},"end":{"line":15,"column":61}},"15":{"start":{"line":16,"column":0},"end":{"line":16,"column":2}},"20":{"start":{"line":21,"column":0},"end":{"line":21,"column":43}},"21":{"start":{"line":22,"column":0},"end":{"line":22,"column":30}},"22":{"start":{"line":23,"column":0},"end":{"line":23,"column":97}},"23":{"start":{"line":24,"column":0},"end":{"line":24,"column":74}},"24":{"start":{"line":25,"column":0},"end":{"line":25,"column":39}},"25":{"start":{"line":26,"column":0},"end":{"line":26,"column":23}},"26":{"start":{"line":27,"column":0},"end":{"line":27,"column":72}},"27":{"start":{"line":28,"column":0},"end":{"line":28,"column":58}},"28":{"start":{"line":29,"column":0},"end":{"line":29,"column":32}},"29":{"start":{"line":30,"column":0},"end":{"line":30,"column":28}},"30":{"start":{"line":31,"column":0},"end":{"line":31,"column":23}},"31":{"start":{"line":32,"column":0},"end":{"line":32,"column":42}},"32":{"start":{"line":33,"column":0},"end":{"line":33,"column":58}},"33":{"start":{"line":34,"column":0},"end":{"line":34,"column":64}},"34":{"start":{"line":35,"column":0},"end":{"line":35,"column":60}},"35":{"start":{"line":36,"column":0},"end":{"line":36,"column":62}},"36":{"start":{"line":37,"column":0},"end":{"line":37,"column":35}},"37":{"start":{"line":38,"column":0},"end":{"line":38,"column":50}},"38":{"start":{"line":39,"column":0},"end":{"line":39,"column":24}},"39":{"start":{"line":40,"column":0},"end":{"line":40,"column":21}},"40":{"start":{"line":41,"column":0},"end":{"line":41,"column":97}},"41":{"start":{"line":42,"column":0},"end":{"line":42,"column":15}},"42":{"start":{"line":43,"column":0},"end":{"line":43,"column":49}},"43":{"start":{"line":44,"column":0},"end":{"line":44,"column":51}},"44":{"start":{"line":45,"column":0},"end":{"line":45,"column":41}},"45":{"start":{"line":46,"column":0},"end":{"line":46,"column":47}},"46":{"start":{"line":47,"column":0},"end":{"line":47,"column":2}},"51":{"start":{"line":52,"column":0},"end":{"line":52,"column":59}},"52":{"start":{"line":53,"column":0},"end":{"line":53,"column":37}},"53":{"start":{"line":54,"column":0},"end":{"line":54,"column":97}},"54":{"start":{"line":55,"column":0},"end":{"line":55,"column":72}},"55":{"start":{"line":56,"column":0},"end":{"line":56,"column":89}},"56":{"start":{"line":57,"column":0},"end":{"line":57,"column":99}},"57":{"start":{"line":58,"column":0},"end":{"line":58,"column":58}},"58":{"start":{"line":59,"column":0},"end":{"line":59,"column":15}},"59":{"start":{"line":60,"column":0},"end":{"line":60,"column":57}},"60":{"start":{"line":61,"column":0},"end":{"line":61,"column":2}},"65":{"start":{"line":66,"column":0},"end":{"line":66,"column":47}},"66":{"start":{"line":67,"column":0},"end":{"line":67,"column":41}},"67":{"start":{"line":68,"column":0},"end":{"line":68,"column":33}},"68":{"start":{"line":69,"column":0},"end":{"line":69,"column":31}},"69":{"start":{"line":70,"column":0},"end":{"line":70,"column":49}},"70":{"start":{"line":71,"column":0},"end":{"line":71,"column":51}},"71":{"start":{"line":72,"column":0},"end":{"line":72,"column":58}},"72":{"start":{"line":73,"column":0},"end":{"line":73,"column":21}},"73":{"start":{"line":74,"column":0},"end":{"line":74,"column":52}},"74":{"start":{"line":75,"column":0},"end":{"line":75,"column":15}},"75":{"start":{"line":76,"column":0},"end":{"line":76,"column":53}},"76":{"start":{"line":77,"column":0},"end":{"line":77,"column":2}},"81":{"start":{"line":82,"column":0},"end":{"line":82,"column":53}},"82":{"start":{"line":83,"column":0},"end":{"line":83,"column":30}},"83":{"start":{"line":84,"column":0},"end":{"line":84,"column":31}},"84":{"start":{"line":85,"column":0},"end":{"line":85,"column":45}},"85":{"start":{"line":86,"column":0},"end":{"line":86,"column":81}},"86":{"start":{"line":87,"column":0},"end":{"line":87,"column":35}},"87":{"start":{"line":88,"column":0},"end":{"line":88,"column":100}},"88":{"start":{"line":89,"column":0},"end":{"line":89,"column":2}},"93":{"start":{"line":94,"column":0},"end":{"line":94,"column":45}},"94":{"start":{"line":95,"column":0},"end":{"line":95,"column":48}},"95":{"start":{"line":96,"column":0},"end":{"line":96,"column":40}},"96":{"start":{"line":97,"column":0},"end":{"line":97,"column":45}},"97":{"start":{"line":98,"column":0},"end":{"line":98,"column":97}},"98":{"start":{"line":99,"column":0},"end":{"line":99,"column":56}},"99":{"start":{"line":100,"column":0},"end":{"line":100,"column":15}},"100":{"start":{"line":101,"column":0},"end":{"line":101,"column":50}},"101":{"start":{"line":102,"column":0},"end":{"line":102,"column":2}}},"s":{"0":1,"5":1,"6":1,"7":1,"8":1,"9":1,"10":1,"11":1,"12":1,"13":1,"14":1,"15":1,"20":1,"21":1,"22":1,"23":1,"24":1,"25":1,"26":1,"27":1,"28":1,"29":1,"30":1,"31":1,"32":1,"33":1,"34":1,"35":1,"36":1,"37":1,"38":1,"39":1,"40":1,"41":1,"42":7,"43":7,"44":7,"45":7,"46":7,"51":1,"52":1,"53":1,"54":1,"55":1,"56":1,"57":1,"58":1,"59":7,"60":7,"65":1,"66":1,"67":1,"68":1,"69":1,"70":1,"71":1,"72":1,"73":1,"74":1,"75":7,"76":7,"81":1,"82":1,"83":1,"84":1,"85":1,"86":1,"87":1,"88":1,"93":1,"94":1,"95":1,"96":1,"97":1,"98":1,"99":1,"100":7,"101":7},"branchMap":{"0":{"type":"branch","line":42,"loc":{"start":{"line":42,"column":3},"end":{"line":47,"column":2}},"locations":[{"start":{"line":42,"column":3},"end":{"line":47,"column":2}}]},"1":{"type":"branch","line":59,"loc":{"start":{"line":59,"column":3},"end":{"line":61,"column":2}},"locations":[{"start":{"line":59,"column":3},"end":{"line":61,"column":2}}]},"2":{"type":"branch","line":75,"loc":{"start":{"line":75,"column":3},"end":{"line":77,"column":2}},"locations":[{"start":{"line":75,"column":3},"end":{"line":77,"column":2}}]},"3":{"type":"branch","line":100,"loc":{"start":{"line":100,"column":3},"end":{"line":102,"column":2}},"locations":[{"start":{"line":100,"column":3},"end":{"line":102,"column":2}}]}},"b":{"0":[7],"1":[7],"2":[7],"3":[7]},"fnMap":{"0":{"name":"__vite_ssr_import_0__.sqliteTable.sessionId.__vite_ssr_import_0__.text.notNull.references.onDelete","decl":{"start":{"line":23,"column":53},"end":{"line":23,"column":72}},"loc":{"start":{"line":23,"column":53},"end":{"line":23,"column":72}},"line":23},"1":{"name":"__vite_ssr_import_0__.sqliteTable.sessionId.__vite_ssr_import_0__.text.notNull.references.onDelete","decl":{"start":{"line":54,"column":53},"end":{"line":54,"column":72}},"loc":{"start":{"line":54,"column":53},"end":{"line":54,"column":72}},"line":54},"2":{"name":"__vite_ssr_import_0__.sqliteTable.sessionId.__vite_ssr_import_0__.text.notNull.references.onDelete","decl":{"start":{"line":98,"column":53},"end":{"line":98,"column":72}},"loc":{"start":{"line":98,"column":53},"end":{"line":98,"column":72}},"line":98}},"f":{"0":0,"1":0,"2":0}}
,"D:\\all-in-mvp\\overlays\\qoder\\qoder-monitor\\backend\\src\\services\\stats-aggregator.ts": {"path":"D:\\all-in-mvp\\overlays\\qoder\\qoder-monitor\\backend\\src\\services\\stats-aggregator.ts","all":false,"statementMap":{"0":{"start":{"line":1,"column":0},"end":{"line":1,"column":37}},"14":{"start":{"line":15,"column":0},"end":{"line":15,"column":61}},"15":{"start":{"line":16,"column":0},"end":{"line":16,"column":20}},"16":{"start":{"line":17,"column":0},"end":{"line":17,"column":89}},"18":{"start":{"line":19,"column":0},"end":{"line":19,"column":27}},"19":{"start":{"line":20,"column":0},"end":{"line":20,"column":39}},"20":{"start":{"line":21,"column":0},"end":{"line":21,"column":85}},"21":{"start":{"line":22,"column":0},"end":{"line":22,"column":72}},"22":{"start":{"line":23,"column":0},"end":{"line":23,"column":68}},"23":{"start":{"line":24,"column":0},"end":{"line":24,"column":70}},"24":{"start":{"line":25,"column":0},"end":{"line":25,"column":57}},"25":{"start":{"line":26,"column":0},"end":{"line":26,"column":50}},"27":{"start":{"line":28,"column":0},"end":{"line":28,"column":45}},"30":{"start":{"line":31,"column":0},"end":{"line":31,"column":37}},"31":{"start":{"line":32,"column":0},"end":{"line":32,"column":71}},"32":{"start":{"line":33,"column":0},"end":{"line":33,"column":7}},"35":{"start":{"line":36,"column":0},"end":{"line":36,"column":65}},"36":{"start":{"line":37,"column":0},"end":{"line":37,"column":31}},"37":{"start":{"line":38,"column":0},"end":{"line":38,"column":35}},"38":{"start":{"line":39,"column":0},"end":{"line":39,"column":19}},"40":{"start":{"line":41,"column":0},"end":{"line":41,"column":10}},"41":{"start":{"line":42,"column":0},"end":{"line":42,"column":35}},"42":{"start":{"line":43,"column":0},"end":{"line":43,"column":49}},"43":{"start":{"line":44,"column":0},"end":{"line":44,"column":53}},"44":{"start":{"line":45,"column":0},"end":{"line":45,"column":49}},"45":{"start":{"line":46,"column":0},"end":{"line":46,"column":33}},"46":{"start":{"line":47,"column":0},"end":{"line":47,"column":51}},"47":{"start":{"line":48,"column":0},"end":{"line":48,"column":36}},"48":{"start":{"line":49,"column":0},"end":{"line":49,"column":35}},"49":{"start":{"line":50,"column":0},"end":{"line":50,"column":3}},"50":{"start":{"line":51,"column":0},"end":{"line":51,"column":1}},"71":{"start":{"line":72,"column":0},"end":{"line":72,"column":61}},"72":{"start":{"line":73,"column":0},"end":{"line":73,"column":20}},"73":{"start":{"line":74,"column":0},"end":{"line":74,"column":89}},"75":{"start":{"line":76,"column":0},"end":{"line":76,"column":33}},"76":{"start":{"line":77,"column":0},"end":{"line":77,"column":34}},"77":{"start":{"line":78,"column":0},"end":{"line":78,"column":37}},"78":{"start":{"line":79,"column":0},"end":{"line":79,"column":65}},"79":{"start":{"line":80,"column":0},"end":{"line":80,"column":61}},"80":{"start":{"line":81,"column":0},"end":{"line":81,"column":63}},"81":{"start":{"line":82,"column":0},"end":{"line":82,"column":4}},"82":{"start":{"line":83,"column":0},"end":{"line":83,"column":23}},"83":{"start":{"line":84,"column":0},"end":{"line":84,"column":22}},"84":{"start":{"line":85,"column":0},"end":{"line":85,"column":36}},"85":{"start":{"line":86,"column":0},"end":{"line":86,"column":10}},"87":{"start":{"line":88,"column":0},"end":{"line":88,"column":59}},"89":{"start":{"line":90,"column":0},"end":{"line":90,"column":19}},"90":{"start":{"line":91,"column":0},"end":{"line":91,"column":50}},"91":{"start":{"line":92,"column":0},"end":{"line":92,"column":63}},"92":{"start":{"line":93,"column":0},"end":{"line":93,"column":32}},"93":{"start":{"line":94,"column":0},"end":{"line":94,"column":49}},"94":{"start":{"line":95,"column":0},"end":{"line":95,"column":51}},"96":{"start":{"line":97,"column":0},"end":{"line":97,"column":62}},"97":{"start":{"line":98,"column":0},"end":{"line":98,"column":56}},"99":{"start":{"line":100,"column":0},"end":{"line":100,"column":103}},"100":{"start":{"line":101,"column":0},"end":{"line":101,"column":63}},"101":{"start":{"line":102,"column":0},"end":{"line":102,"column":70}},"102":{"start":{"line":103,"column":0},"end":{"line":103,"column":22}},"104":{"start":{"line":105,"column":0},"end":{"line":105,"column":12}},"105":{"start":{"line":106,"column":0},"end":{"line":106,"column":21}},"106":{"start":{"line":107,"column":0},"end":{"line":107,"column":30}},"107":{"start":{"line":108,"column":0},"end":{"line":108,"column":38}},"108":{"start":{"line":109,"column":0},"end":{"line":109,"column":34}},"109":{"start":{"line":110,"column":0},"end":{"line":110,"column":36}},"110":{"start":{"line":111,"column":0},"end":{"line":111,"column":56}},"111":{"start":{"line":112,"column":0},"end":{"line":112,"column":58}},"112":{"start":{"line":113,"column":0},"end":{"line":113,"column":24}},"113":{"start":{"line":114,"column":0},"end":{"line":114,"column":15}},"114":{"start":{"line":115,"column":0},"end":{"line":115,"column":30}},"115":{"start":{"line":116,"column":0},"end":{"line":116,"column":5}},"116":{"start":{"line":117,"column":0},"end":{"line":117,"column":4}},"118":{"start":{"line":119,"column":0},"end":{"line":119,"column":10}},"119":{"start":{"line":120,"column":0},"end":{"line":120,"column":10}},"120":{"start":{"line":121,"column":0},"end":{"line":121,"column":54}},"121":{"start":{"line":122,"column":0},"end":{"line":122,"column":18}},"122":{"start":{"line":123,"column":0},"end":{"line":123,"column":3}},"123":{"start":{"line":124,"column":0},"end":{"line":124,"column":1}},"133":{"start":{"line":134,"column":0},"end":{"line":134,"column":67}},"134":{"start":{"line":135,"column":0},"end":{"line":135,"column":20}},"135":{"start":{"line":136,"column":0},"end":{"line":136,"column":30}},"136":{"start":{"line":137,"column":0},"end":{"line":137,"column":105}},"137":{"start":{"line":138,"column":0},"end":{"line":138,"column":52}},"140":{"start":{"line":141,"column":0},"end":{"line":141,"column":35}},"141":{"start":{"line":142,"column":0},"end":{"line":142,"column":31}},"142":{"start":{"line":143,"column":0},"end":{"line":143,"column":22}},"143":{"start":{"line":144,"column":0},"end":{"line":144,"column":10}},"146":{"start":{"line":147,"column":0},"end":{"line":147,"column":46}},"147":{"start":{"line":148,"column":0},"end":{"line":148,"column":16}},"148":{"start":{"line":149,"column":0},"end":{"line":149,"column":16}},"149":{"start":{"line":150,"column":0},"end":{"line":150,"column":17}},"150":{"start":{"line":151,"column":0},"end":{"line":151,"column":21}},"151":{"start":{"line":152,"column":0},"end":{"line":152,"column":16}},"152":{"start":{"line":153,"column":0},"end":{"line":153,"column":19}},"153":{"start":{"line":154,"column":0},"end":{"line":154,"column":3}},"155":{"start":{"line":156,"column":0},"end":{"line":156,"column":32}},"156":{"start":{"line":157,"column":0},"end":{"line":157,"column":52}},"157":{"start":{"line":158,"column":0},"end":{"line":158,"column":53}},"158":{"start":{"line":159,"column":0},"end":{"line":159,"column":57}},"159":{"start":{"line":160,"column":0},"end":{"line":160,"column":30}},"160":{"start":{"line":161,"column":0},"end":{"line":161,"column":7}},"161":{"start":{"line":162,"column":0},"end":{"line":162,"column":5}},"162":{"start":{"line":163,"column":0},"end":{"line":163,"column":4}},"164":{"start":{"line":165,"column":0},"end":{"line":165,"column":75}},"167":{"start":{"line":168,"column":0},"end":{"line":168,"column":48}},"168":{"start":{"line":169,"column":0},"end":{"line":169,"column":56}},"169":{"start":{"line":170,"column":0},"end":{"line":170,"column":90}},"170":{"start":{"line":171,"column":0},"end":{"line":171,"column":3}},"173":{"start":{"line":174,"column":0},"end":{"line":174,"column":32}},"174":{"start":{"line":175,"column":0},"end":{"line":175,"column":31}},"175":{"start":{"line":176,"column":0},"end":{"line":176,"column":58}},"176":{"start":{"line":177,"column":0},"end":{"line":177,"column":10}},"178":{"start":{"line":179,"column":0},"end":{"line":179,"column":60}},"179":{"start":{"line":180,"column":0},"end":{"line":180,"column":52}},"180":{"start":{"line":181,"column":0},"end":{"line":181,"column":40}},"181":{"start":{"line":182,"column":0},"end":{"line":182,"column":7}},"183":{"start":{"line":184,"column":0},"end":{"line":184,"column":10}},"184":{"start":{"line":185,"column":0},"end":{"line":185,"column":15}},"185":{"start":{"line":186,"column":0},"end":{"line":186,"column":32}},"186":{"start":{"line":187,"column":0},"end":{"line":187,"column":45}},"187":{"start":{"line":188,"column":0},"end":{"line":188,"column":16}},"188":{"start":{"line":189,"column":0},"end":{"line":189,"column":42}},"189":{"start":{"line":190,"column":0},"end":{"line":190,"column":3}},"190":{"start":{"line":191,"column":0},"end":{"line":191,"column":1}},"198":{"start":{"line":199,"column":0},"end":{"line":199,"column":83}},"199":{"start":{"line":200,"column":0},"end":{"line":200,"column":20}},"200":{"start":{"line":201,"column":0},"end":{"line":201,"column":89}},"202":{"start":{"line":203,"column":0},"end":{"line":203,"column":28}},"203":{"start":{"line":204,"column":0},"end":{"line":204,"column":34}},"204":{"start":{"line":205,"column":0},"end":{"line":205,"column":33}},"205":{"start":{"line":206,"column":0},"end":{"line":206,"column":4}},"206":{"start":{"line":207,"column":0},"end":{"line":207,"column":23}},"207":{"start":{"line":208,"column":0},"end":{"line":208,"column":22}},"208":{"start":{"line":209,"column":0},"end":{"line":209,"column":36}},"209":{"start":{"line":210,"column":0},"end":{"line":210,"column":10}},"211":{"start":{"line":212,"column":0},"end":{"line":212,"column":55}},"213":{"start":{"line":214,"column":0},"end":{"line":214,"column":27}},"214":{"start":{"line":215,"column":0},"end":{"line":215,"column":19}},"215":{"start":{"line":216,"column":0},"end":{"line":216,"column":24}},"216":{"start":{"line":217,"column":0},"end":{"line":217,"column":74}},"217":{"start":{"line":218,"column":0},"end":{"line":218,"column":5}},"218":{"start":{"line":219,"column":0},"end":{"line":219,"column":1}}},"s":{"0":1,"14":1,"15":15,"16":15,"18":15,"19":15,"20":15,"21":15,"22":15,"23":15,"24":15,"25":15,"27":15,"30":15,"31":11,"32":4,"35":15,"36":15,"37":15,"38":15,"40":15,"41":15,"42":15,"43":15,"44":15,"45":15,"46":15,"47":15,"48":15,"49":15,"50":15,"71":1,"72":16,"73":16,"75":16,"76":16,"77":16,"78":16,"79":16,"80":16,"81":16,"82":16,"83":16,"84":16,"85":16,"87":16,"89":16,"90":16,"91":23,"92":23,"93":23,"94":23,"96":23,"97":23,"99":23,"100":23,"101":23,"102":23,"104":23,"105":23,"106":23,"107":23,"108":23,"109":23,"110":23,"111":23,"112":23,"113":23,"114":23,"115":23,"116":16,"118":16,"119":16,"120":16,"121":16,"122":16,"123":16,"133":1,"134":14,"135":14,"136":14,"137":0,"140":14,"141":14,"142":14,"143":14,"146":14,"147":14,"148":14,"149":14,"150":14,"151":14,"152":14,"153":14,"155":14,"156":11,"157":11,"158":22,"159":22,"160":22,"161":22,"162":14,"164":14,"167":14,"168":14,"169":84,"170":84,"173":14,"174":14,"175":14,"176":14,"178":14,"179":1,"180":1,"181":14,"183":14,"184":14,"185":14,"186":14,"187":14,"188":14,"189":14,"190":14,"198":1,"199":14,"200":14,"202":14,"203":14,"204":14,"205":14,"206":14,"207":14,"208":14,"209":14,"211":14,"213":14,"214":18,"215":18,"216":18,"217":14,"218":14},"branchMap":{"0":{"type":"branch","line":15,"loc":{"start":{"line":15,"column":7},"end":{"line":51,"column":1}},"locations":[{"start":{"line":15,"column":7},"end":{"line":51,"column":1}}]},"1":{"type":"branch","line":17,"loc":{"start":{"line":17,"column":76},"end":{"line":17,"column":89}},"locations":[{"start":{"line":17,"column":76},"end":{"line":17,"column":89}}]},"2":{"type":"branch","line":31,"loc":{"start":{"line":31,"column":36},"end":{"line":32,"column":71}},"locations":[{"start":{"line":31,"column":36},"end":{"line":32,"column":71}}]},"3":{"type":"branch","line":32,"loc":{"start":{"line":32,"column":68},"end":{"line":33,"column":7}},"locations":[{"start":{"line":32,"column":68},"end":{"line":33,"column":7}}]},"4":{"type":"branch","line":72,"loc":{"start":{"line":72,"column":7},"end":{"line":124,"column":1}},"locations":[{"start":{"line":72,"column":7},"end":{"line":124,"column":1}}]},"5":{"type":"branch","line":74,"loc":{"start":{"line":74,"column":76},"end":{"line":74,"column":89}},"locations":[{"start":{"line":74,"column":76},"end":{"line":74,"column":89}}]},"6":{"type":"branch","line":91,"loc":{"start":{"line":91,"column":44},"end":{"line":117,"column":3}},"locations":[{"start":{"line":91,"column":44},"end":{"line":117,"column":3}}]},"7":{"type":"branch","line":94,"loc":{"start":{"line":94,"column":23},"end":{"line":94,"column":48}},"locations":[{"start":{"line":94,"column":23},"end":{"line":94,"column":48}}]},"8":{"type":"branch","line":94,"loc":{"start":{"line":94,"column":32},"end":{"line":94,"column":49}},"locations":[{"start":{"line":94,"column":32},"end":{"line":94,"column":49}}]},"9":{"type":"branch","line":95,"loc":{"start":{"line":95,"column":24},"end":{"line":95,"column":50}},"locations":[{"start":{"line":95,"column":24},"end":{"line":95,"column":50}}]},"10":{"type":"branch","line":95,"loc":{"start":{"line":95,"column":33},"end":{"line":95,"column":51}},"locations":[{"start":{"line":95,"column":33},"end":{"line":95,"column":51}}]},"11":{"type":"branch","line":97,"loc":{"start":{"line":97,"column":23},"end":{"line":97,"column":52}},"locations":[{"start":{"line":97,"column":23},"end":{"line":97,"column":52}}]},"12":{"type":"branch","line":97,"loc":{"start":{"line":97,"column":32},"end":{"line":97,"column":62}},"locations":[{"start":{"line":97,"column":32},"end":{"line":97,"column":62}}]},"13":{"type":"branch","line":98,"loc":{"start":{"line":98,"column":21},"end":{"line":98,"column":42}},"locations":[{"start":{"line":98,"column":21},"end":{"line":98,"column":42}}]},"14":{"type":"branch","line":98,"loc":{"start":{"line":98,"column":30},"end":{"line":98,"column":56}},"locations":[{"start":{"line":98,"column":30},"end":{"line":98,"column":56}}]},"15":{"type":"branch","line":92,"loc":{"start":{"line":92,"column":36},"end":{"line":92,"column":62}},"locations":[{"start":{"line":92,"column":36},"end":{"line":92,"column":62}}]},"16":{"type":"branch","line":134,"loc":{"start":{"line":134,"column":7},"end":{"line":191,"column":1}},"locations":[{"start":{"line":134,"column":7},"end":{"line":191,"column":1}}]},"17":{"type":"branch","line":137,"loc":{"start":{"line":137,"column":99},"end":{"line":138,"column":52}},"locations":[{"start":{"line":137,"column":99},"end":{"line":138,"column":52}}]},"18":{"type":"branch","line":169,"loc":{"start":{"line":169,"column":55},"end":{"line":171,"column":3}},"locations":[{"start":{"line":169,"column":55},"end":{"line":171,"column":3}}]},"19":{"type":"branch","line":170,"loc":{"start":{"line":170,"column":38},"end":{"line":170,"column":89}},"locations":[{"start":{"line":170,"column":38},"end":{"line":170,"column":89}}]},"20":{"type":"branch","line":170,"loc":{"start":{"line":170,"column":83},"end":{"line":170,"column":90}},"locations":[{"start":{"line":170,"column":83},"end":{"line":170,"column":90}}]},"21":{"type":"branch","line":156,"loc":{"start":{"line":156,"column":24},"end":{"line":163,"column":3}},"locations":[{"start":{"line":156,"column":24},"end":{"line":163,"column":3}}]},"22":{"type":"branch","line":157,"loc":{"start":{"line":157,"column":33},"end":{"line":157,"column":51}},"locations":[{"start":{"line":157,"column":33},"end":{"line":157,"column":51}}]},"23":{"type":"branch","line":158,"loc":{"start":{"line":158,"column":52},"end":{"line":162,"column":5}},"locations":[{"start":{"line":158,"column":52},"end":{"line":162,"column":5}}]},"24":{"type":"branch","line":165,"loc":{"start":{"line":165,"column":56},"end":{"line":165,"column":73}},"locations":[{"start":{"line":165,"column":56},"end":{"line":165,"column":73}}]},"25":{"type":"branch","line":179,"loc":{"start":{"line":179,"column":47},"end":{"line":182,"column":5}},"locations":[{"start":{"line":179,"column":47},"end":{"line":182,"column":5}}]},"26":{"type":"branch","line":180,"loc":{"start":{"line":180,"column":33},"end":{"line":180,"column":51}},"locations":[{"start":{"line":180,"column":33},"end":{"line":180,"column":51}}]},"27":{"type":"branch","line":181,"loc":{"start":{"line":181,"column":22},"end":{"line":181,"column":40}},"locations":[{"start":{"line":181,"column":22},"end":{"line":181,"column":40}}]},"28":{"type":"branch","line":199,"loc":{"start":{"line":199,"column":7},"end":{"line":219,"column":1}},"locations":[{"start":{"line":199,"column":7},"end":{"line":219,"column":1}}]},"29":{"type":"branch","line":201,"loc":{"start":{"line":201,"column":76},"end":{"line":201,"column":89}},"locations":[{"start":{"line":201,"column":76},"end":{"line":201,"column":89}}]},"30":{"type":"branch","line":212,"loc":{"start":{"line":212,"column":30},"end":{"line":212,"column":53}},"locations":[{"start":{"line":212,"column":30},"end":{"line":212,"column":53}}]},"31":{"type":"branch","line":214,"loc":{"start":{"line":214,"column":20},"end":{"line":218,"column":4}},"locations":[{"start":{"line":214,"column":20},"end":{"line":218,"column":4}}]},"32":{"type":"branch","line":217,"loc":{"start":{"line":217,"column":66},"end":{"line":217,"column":74}},"locations":[{"start":{"line":217,"column":66},"end":{"line":217,"column":74}}]}},"b":{"0":[15],"1":[0],"2":[11],"3":[4],"4":[16],"5":[0],"6":[23],"7":[22],"8":[1],"9":[22],"10":[1],"11":[22],"12":[1],"13":[22],"14":[1],"15":[38],"16":[14],"17":[0],"18":[84],"19":[66],"20":[18],"21":[11],"22":[0],"23":[22],"24":[84],"25":[1],"26":[0],"27":[0],"28":[14],"29":[0],"30":[18],"31":[18],"32":[0]},"fnMap":{"0":{"name":"getTurnStats","decl":{"start":{"line":15,"column":7},"end":{"line":51,"column":1}},"loc":{"start":{"line":15,"column":7},"end":{"line":51,"column":1}},"line":15},"1":{"name":"getTurnCost","decl":{"start":{"line":72,"column":7},"end":{"line":124,"column":1}},"loc":{"start":{"line":72,"column":7},"end":{"line":124,"column":1}},"line":72},"2":{"name":"getTurnSavings","decl":{"start":{"line":134,"column":7},"end":{"line":191,"column":1}},"loc":{"start":{"line":134,"column":7},"end":{"line":191,"column":1}},"line":134},"3":{"name":"getModelDistribution","decl":{"start":{"line":199,"column":7},"end":{"line":219,"column":1}},"loc":{"start":{"line":199,"column":7},"end":{"line":219,"column":1}},"line":199}},"f":{"0":15,"1":16,"2":14,"3":14}}
,"D:\\all-in-mvp\\overlays\\qoder\\qoder-monitor\\backend\\src\\services\\report\\html.ts": {"path":"D:\\all-in-mvp\\overlays\\qoder\\qoder-monitor\\backend\\src\\services\\report\\html.ts","all":false,"statementMap":{"0":{"start":{"line":1,"column":0},"end":{"line":1,"column":40}},"13":{"start":{"line":14,"column":0},"end":{"line":14,"column":76}},"14":{"start":{"line":15,"column":0},"end":{"line":15,"column":31}},"15":{"start":{"line":16,"column":0},"end":{"line":16,"column":39}},"16":{"start":{"line":17,"column":0},"end":{"line":17,"column":37}},"17":{"start":{"line":18,"column":0},"end":{"line":18,"column":43}},"18":{"start":{"line":19,"column":0},"end":{"line":19,"column":54}},"19":{"start":{"line":20,"column":0},"end":{"line":20,"column":20}},"21":{"start":{"line":22,"column":0},"end":{"line":22,"column":81}},"22":{"start":{"line":23,"column":0},"end":{"line":23,"column":30}},"23":{"start":{"line":24,"column":0},"end":{"line":24,"column":23}},"24":{"start":{"line":25,"column":0},"end":{"line":25,"column":22}},"25":{"start":{"line":26,"column":0},"end":{"line":26,"column":42}},"26":{"start":{"line":27,"column":0},"end":{"line":27,"column":10}},"28":{"start":{"line":29,"column":0},"end":{"line":29,"column":77}},"29":{"start":{"line":30,"column":0},"end":{"line":30,"column":39}},"31":{"start":{"line":32,"column":0},"end":{"line":32,"column":25}},"36":{"start":{"line":37,"column":0},"end":{"line":37,"column":77}},"80":{"start":{"line":81,"column":0},"end":{"line":81,"column":89}},"82":{"start":{"line":83,"column":0},"end":{"line":83,"column":56}},"85":{"start":{"line":86,"column":0},"end":{"line":86,"column":103}},"86":{"start":{"line":87,"column":0},"end":{"line":87,"column":130}},"87":{"start":{"line":88,"column":0},"end":{"line":88,"column":113}},"88":{"start":{"line":89,"column":0},"end":{"line":89,"column":131}},"89":{"start":{"line":90,"column":0},"end":{"line":90,"column":109}},"90":{"start":{"line":91,"column":0},"end":{"line":91,"column":101}},"91":{"start":{"line":92,"column":0},"end":{"line":92,"column":112}},"92":{"start":{"line":93,"column":0},"end":{"line":93,"column":128}},"99":{"start":{"line":100,"column":0},"end":{"line":100,"column":71}},"114":{"start":{"line":115,"column":0},"end":{"line":115,"column":194}},"123":{"start":{"line":124,"column":0},"end":{"line":124,"column":234}},"124":{"start":{"line":125,"column":0},"end":{"line":125,"column":131}},"133":{"start":{"line":134,"column":0},"end":{"line":134,"column":177}},"134":{"start":{"line":135,"column":0},"end":{"line":135,"column":145}},"143":{"start":{"line":144,"column":0},"end":{"line":144,"column":148}},"144":{"start":{"line":145,"column":0},"end":{"line":145,"column":110}},"145":{"start":{"line":146,"column":0},"end":{"line":146,"column":84}},"146":{"start":{"line":147,"column":0},"end":{"line":147,"column":58}},"147":{"start":{"line":148,"column":0},"end":{"line":148,"column":58}},"148":{"start":{"line":149,"column":0},"end":{"line":149,"column":82}},"149":{"start":{"line":150,"column":0},"end":{"line":150,"column":23}},"152":{"start":{"line":153,"column":0},"end":{"line":153,"column":4}},"155":{"start":{"line":156,"column":0},"end":{"line":156,"column":75}},"180":{"start":{"line":181,"column":0},"end":{"line":181,"column":1}}},"s":{"0":1,"13":1,"14":3,"15":3,"16":3,"17":3,"18":3,"19":3,"21":3,"22":3,"23":3,"24":3,"25":3,"26":3,"28":3,"29":3,"31":3,"36":3,"80":3,"82":3,"85":2,"86":2,"87":2,"88":2,"89":2,"90":2,"91":2,"92":2,"99":2,"114":2,"123":2,"124":2,"133":2,"134":2,"143":2,"144":6,"145":6,"146":6,"147":6,"148":6,"149":2,"152":3,"155":3,"180":3},"branchMap":{"0":{"type":"branch","line":14,"loc":{"start":{"line":14,"column":7},"end":{"line":181,"column":1}},"locations":[{"start":{"line":14,"column":7},"end":{"line":181,"column":1}}]},"1":{"type":"branch","line":22,"loc":{"start":{"line":22,"column":69},"end":{"line":22,"column":81}},"locations":[{"start":{"line":22,"column":69},"end":{"line":22,"column":81}}]},"2":{"type":"branch","line":37,"loc":{"start":{"line":37,"column":60},"end":{"line":37,"column":68}},"locations":[{"start":{"line":37,"column":60},"end":{"line":37,"column":68}}]},"3":{"type":"branch","line":81,"loc":{"start":{"line":81,"column":77},"end":{"line":81,"column":88}},"locations":[{"start":{"line":81,"column":77},"end":{"line":81,"column":88}}]},"4":{"type":"branch","line":83,"loc":{"start":{"line":83,"column":4},"end":{"line":83,"column":55}},"locations":[{"start":{"line":83,"column":4},"end":{"line":83,"column":55}}]},"5":{"type":"branch","line":83,"loc":{"start":{"line":83,"column":14},"end":{"line":150,"column":23}},"locations":[{"start":{"line":83,"column":14},"end":{"line":150,"column":23}}]},"6":{"type":"branch","line":135,"loc":{"start":{"line":135,"column":39},"end":{"line":135,"column":142}},"locations":[{"start":{"line":135,"column":39},"end":{"line":135,"column":142}}]},"7":{"type":"branch","line":29,"loc":{"start":{"line":29,"column":42},"end":{"line":29,"column":58}},"locations":[{"start":{"line":29,"column":42},"end":{"line":29,"column":58}}]},"8":{"type":"branch","line":100,"loc":{"start":{"line":100,"column":19},"end":{"line":100,"column":60}},"locations":[{"start":{"line":100,"column":19},"end":{"line":100,"column":60}}]},"9":{"type":"branch","line":115,"loc":{"start":{"line":115,"column":25},"end":{"line":115,"column":183}},"locations":[{"start":{"line":115,"column":25},"end":{"line":115,"column":183}}]},"10":{"type":"branch","line":115,"loc":{"start":{"line":115,"column":84},"end":{"line":115,"column":98}},"locations":[{"start":{"line":115,"column":84},"end":{"line":115,"column":98}}]},"11":{"type":"branch","line":124,"loc":{"start":{"line":124,"column":23},"end":{"line":124,"column":223}},"locations":[{"start":{"line":124,"column":23},"end":{"line":124,"column":223}}]},"12":{"type":"branch","line":124,"loc":{"start":{"line":124,"column":65},"end":{"line":124,"column":78}},"locations":[{"start":{"line":124,"column":65},"end":{"line":124,"column":78}}]},"13":{"type":"branch","line":134,"loc":{"start":{"line":134,"column":47},"end":{"line":134,"column":166}},"locations":[{"start":{"line":134,"column":47},"end":{"line":134,"column":166}}]},"14":{"type":"branch","line":134,"loc":{"start":{"line":134,"column":135},"end":{"line":134,"column":143}},"locations":[{"start":{"line":134,"column":135},"end":{"line":134,"column":143}}]},"15":{"type":"branch","line":144,"loc":{"start":{"line":144,"column":21},"end":{"line":149,"column":82}},"locations":[{"start":{"line":144,"column":21},"end":{"line":149,"column":82}}]},"16":{"type":"branch","line":144,"loc":{"start":{"line":144,"column":64},"end":{"line":144,"column":79}},"locations":[{"start":{"line":144,"column":64},"end":{"line":144,"column":79}}]},"17":{"type":"branch","line":146,"loc":{"start":{"line":146,"column":18},"end":{"line":146,"column":41}},"locations":[{"start":{"line":146,"column":18},"end":{"line":146,"column":41}}]},"18":{"type":"branch","line":146,"loc":{"start":{"line":146,"column":43},"end":{"line":146,"column":62}},"locations":[{"start":{"line":146,"column":43},"end":{"line":146,"column":62}}]},"19":{"type":"branch","line":147,"loc":{"start":{"line":147,"column":17},"end":{"line":147,"column":36}},"locations":[{"start":{"line":147,"column":17},"end":{"line":147,"column":36}}]},"20":{"type":"branch","line":148,"loc":{"start":{"line":148,"column":16},"end":{"line":148,"column":49}},"locations":[{"start":{"line":148,"column":16},"end":{"line":148,"column":49}}]},"21":{"type":"branch","line":149,"loc":{"start":{"line":149,"column":69},"end":{"line":149,"column":76}},"locations":[{"start":{"line":149,"column":69},"end":{"line":149,"column":76}}]}},"b":{"0":[3],"1":[0],"2":[0],"3":[0],"4":[1],"5":[2],"6":[0],"7":[6],"8":[2],"9":[2],"10":[0],"11":[2],"12":[0],"13":[12],"14":[0],"15":[6],"16":[0],"17":[0],"18":[0],"19":[0],"20":[0],"21":[0]},"fnMap":{"0":{"name":"generateHtmlDashboard","decl":{"start":{"line":14,"column":7},"end":{"line":181,"column":1}},"loc":{"start":{"line":14,"column":7},"end":{"line":181,"column":1}},"line":14}},"f":{"0":3}}
,"D:\\all-in-mvp\\overlays\\qoder\\qoder-monitor\\backend\\src\\services\\report\\markdown.ts": {"path":"D:\\all-in-mvp\\overlays\\qoder\\qoder-monitor\\backend\\src\\services\\report\\markdown.ts","all":false,"statementMap":{"0":{"start":{"line":1,"column":0},"end":{"line":1,"column":40}},"12":{"start":{"line":13,"column":0},"end":{"line":13,"column":77}},"13":{"start":{"line":14,"column":0},"end":{"line":14,"column":31}},"14":{"start":{"line":15,"column":0},"end":{"line":15,"column":39}},"15":{"start":{"line":16,"column":0},"end":{"line":16,"column":37}},"16":{"start":{"line":17,"column":0},"end":{"line":17,"column":43}},"17":{"start":{"line":18,"column":0},"end":{"line":18,"column":54}},"18":{"start":{"line":19,"column":0},"end":{"line":19,"column":20}},"20":{"start":{"line":21,"column":0},"end":{"line":21,"column":81}},"21":{"start":{"line":22,"column":0},"end":{"line":22,"column":33}},"22":{"start":{"line":23,"column":0},"end":{"line":23,"column":23}},"23":{"start":{"line":24,"column":0},"end":{"line":24,"column":22}},"24":{"start":{"line":25,"column":0},"end":{"line":25,"column":42}},"25":{"start":{"line":26,"column":0},"end":{"line":26,"column":14}},"26":{"start":{"line":27,"column":0},"end":{"line":27,"column":10}},"28":{"start":{"line":29,"column":0},"end":{"line":29,"column":56}},"29":{"start":{"line":30,"column":0},"end":{"line":30,"column":55}},"31":{"start":{"line":32,"column":0},"end":{"line":32,"column":28}},"36":{"start":{"line":37,"column":0},"end":{"line":37,"column":56}},"37":{"start":{"line":38,"column":0},"end":{"line":38,"column":16}},"38":{"start":{"line":39,"column":0},"end":{"line":39,"column":51}},"39":{"start":{"line":40,"column":0},"end":{"line":40,"column":16}},"40":{"start":{"line":41,"column":0},"end":{"line":41,"column":37}},"41":{"start":{"line":42,"column":0},"end":{"line":42,"column":16}},"42":{"start":{"line":43,"column":0},"end":{"line":43,"column":26}},"43":{"start":{"line":44,"column":0},"end":{"line":44,"column":30}},"44":{"start":{"line":45,"column":0},"end":{"line":45,"column":48}},"45":{"start":{"line":46,"column":0},"end":{"line":46,"column":83}},"46":{"start":{"line":47,"column":0},"end":{"line":47,"column":80}},"47":{"start":{"line":48,"column":0},"end":{"line":48,"column":52}},"48":{"start":{"line":49,"column":0},"end":{"line":49,"column":76}},"49":{"start":{"line":50,"column":0},"end":{"line":50,"column":56}},"50":{"start":{"line":51,"column":0},"end":{"line":51,"column":48}},"51":{"start":{"line":52,"column":0},"end":{"line":52,"column":57}},"52":{"start":{"line":53,"column":0},"end":{"line":53,"column":73}},"53":{"start":{"line":54,"column":0},"end":{"line":54,"column":16}},"58":{"start":{"line":59,"column":0},"end":{"line":59,"column":47}},"59":{"start":{"line":60,"column":0},"end":{"line":60,"column":16}},"60":{"start":{"line":61,"column":0},"end":{"line":61,"column":33}},"61":{"start":{"line":62,"column":0},"end":{"line":62,"column":24}},"62":{"start":{"line":63,"column":0},"end":{"line":63,"column":18}},"63":{"start":{"line":64,"column":0},"end":{"line":64,"column":10}},"64":{"start":{"line":65,"column":0},"end":{"line":65,"column":72}},"65":{"start":{"line":66,"column":0},"end":{"line":66,"column":89}},"66":{"start":{"line":67,"column":0},"end":{"line":67,"column":37}},"67":{"start":{"line":68,"column":0},"end":{"line":68,"column":180}},"68":{"start":{"line":69,"column":0},"end":{"line":69,"column":5}},"69":{"start":{"line":70,"column":0},"end":{"line":70,"column":18}},"70":{"start":{"line":71,"column":0},"end":{"line":71,"column":3}},"75":{"start":{"line":76,"column":0},"end":{"line":76,"column":44}},"76":{"start":{"line":77,"column":0},"end":{"line":77,"column":16}},"77":{"start":{"line":78,"column":0},"end":{"line":78,"column":36}},"78":{"start":{"line":79,"column":0},"end":{"line":79,"column":26}},"79":{"start":{"line":80,"column":0},"end":{"line":80,"column":18}},"80":{"start":{"line":81,"column":0},"end":{"line":81,"column":10}},"81":{"start":{"line":82,"column":0},"end":{"line":82,"column":40}},"82":{"start":{"line":83,"column":0},"end":{"line":83,"column":45}},"83":{"start":{"line":84,"column":0},"end":{"line":84,"column":66}},"84":{"start":{"line":85,"column":0},"end":{"line":85,"column":47}},"85":{"start":{"line":86,"column":0},"end":{"line":86,"column":66}},"86":{"start":{"line":87,"column":0},"end":{"line":87,"column":5}},"87":{"start":{"line":88,"column":0},"end":{"line":88,"column":87}},"88":{"start":{"line":89,"column":0},"end":{"line":89,"column":18}},"89":{"start":{"line":90,"column":0},"end":{"line":90,"column":43}},"90":{"start":{"line":91,"column":0},"end":{"line":91,"column":91}},"91":{"start":{"line":92,"column":0},"end":{"line":92,"column":20}},"92":{"start":{"line":93,"column":0},"end":{"line":93,"column":5}},"93":{"start":{"line":94,"column":0},"end":{"line":94,"column":3}},"98":{"start":{"line":99,"column":0},"end":{"line":99,"column":44}},"99":{"start":{"line":100,"column":0},"end":{"line":100,"column":16}},"100":{"start":{"line":101,"column":0},"end":{"line":101,"column":32}},"101":{"start":{"line":102,"column":0},"end":{"line":102,"column":26}},"102":{"start":{"line":103,"column":0},"end":{"line":103,"column":18}},"103":{"start":{"line":104,"column":0},"end":{"line":104,"column":10}},"104":{"start":{"line":105,"column":0},"end":{"line":105,"column":51}},"105":{"start":{"line":106,"column":0},"end":{"line":106,"column":64}},"106":{"start":{"line":107,"column":0},"end":{"line":107,"column":36}},"107":{"start":{"line":108,"column":0},"end":{"line":108,"column":59}},"108":{"start":{"line":109,"column":0},"end":{"line":109,"column":173}},"109":{"start":{"line":110,"column":0},"end":{"line":110,"column":5}},"110":{"start":{"line":111,"column":0},"end":{"line":111,"column":18}},"111":{"start":{"line":112,"column":0},"end":{"line":112,"column":71}},"112":{"start":{"line":113,"column":0},"end":{"line":113,"column":18}},"113":{"start":{"line":114,"column":0},"end":{"line":114,"column":3}},"115":{"start":{"line":116,"column":0},"end":{"line":116,"column":19}},"116":{"start":{"line":117,"column":0},"end":{"line":117,"column":16}},"117":{"start":{"line":118,"column":0},"end":{"line":118,"column":51}},"119":{"start":{"line":120,"column":0},"end":{"line":120,"column":25}},"120":{"start":{"line":121,"column":0},"end":{"line":121,"column":1}}},"s":{"0":1,"12":1,"13":3,"14":3,"15":3,"16":3,"17":3,"18":3,"20":3,"21":3,"22":3,"23":3,"24":3,"25":3,"26":3,"28":3,"29":3,"31":3,"36":3,"37":3,"38":3,"39":3,"40":3,"41":3,"42":3,"43":3,"44":3,"45":3,"46":3,"47":3,"48":3,"49":3,"50":3,"51":3,"52":3,"53":3,"58":3,"59":3,"60":3,"61":1,"62":1,"63":3,"64":2,"65":2,"66":2,"67":6,"68":6,"69":2,"70":2,"75":3,"76":3,"77":3,"78":1,"79":1,"80":3,"81":2,"82":2,"83":2,"84":12,"85":12,"86":12,"87":2,"88":2,"89":2,"90":0,"91":0,"92":0,"93":2,"98":3,"99":3,"100":3,"101":1,"102":1,"103":3,"104":2,"105":2,"106":2,"107":2,"108":2,"109":2,"110":2,"111":2,"112":2,"113":2,"115":3,"116":3,"117":3,"119":3,"120":3},"branchMap":{"0":{"type":"branch","line":13,"loc":{"start":{"line":13,"column":7},"end":{"line":121,"column":1}},"locations":[{"start":{"line":13,"column":7},"end":{"line":121,"column":1}}]},"1":{"type":"branch","line":21,"loc":{"start":{"line":21,"column":69},"end":{"line":21,"column":81}},"locations":[{"start":{"line":21,"column":69},"end":{"line":21,"column":81}}]},"2":{"type":"branch","line":30,"loc":{"start":{"line":30,"column":48},"end":{"line":30,"column":55}},"locations":[{"start":{"line":30,"column":48},"end":{"line":30,"column":55}}]},"3":{"type":"branch","line":61,"loc":{"start":{"line":61,"column":32},"end":{"line":64,"column":9}},"locations":[{"start":{"line":61,"column":32},"end":{"line":64,"column":9}}]},"4":{"type":"branch","line":64,"loc":{"start":{"line":64,"column":2},"end":{"line":71,"column":3}},"locations":[{"start":{"line":64,"column":2},"end":{"line":71,"column":3}}]},"5":{"type":"branch","line":67,"loc":{"start":{"line":67,"column":36},"end":{"line":69,"column":5}},"locations":[{"start":{"line":67,"column":36},"end":{"line":69,"column":5}}]},"6":{"type":"branch","line":78,"loc":{"start":{"line":78,"column":35},"end":{"line":81,"column":9}},"locations":[{"start":{"line":78,"column":35},"end":{"line":81,"column":9}}]},"7":{"type":"branch","line":81,"loc":{"start":{"line":81,"column":2},"end":{"line":94,"column":3}},"locations":[{"start":{"line":81,"column":2},"end":{"line":94,"column":3}}]},"8":{"type":"branch","line":84,"loc":{"start":{"line":84,"column":65},"end":{"line":87,"column":5}},"locations":[{"start":{"line":84,"column":65},"end":{"line":87,"column":5}}]},"9":{"type":"branch","line":85,"loc":{"start":{"line":85,"column":41},"end":{"line":85,"column":47}},"locations":[{"start":{"line":85,"column":41},"end":{"line":85,"column":47}}]},"10":{"type":"branch","line":90,"loc":{"start":{"line":90,"column":42},"end":{"line":93,"column":5}},"locations":[{"start":{"line":90,"column":42},"end":{"line":93,"column":5}}]},"11":{"type":"branch","line":101,"loc":{"start":{"line":101,"column":31},"end":{"line":104,"column":9}},"locations":[{"start":{"line":101,"column":31},"end":{"line":104,"column":9}}]},"12":{"type":"branch","line":104,"loc":{"start":{"line":104,"column":2},"end":{"line":114,"column":3}},"locations":[{"start":{"line":104,"column":2},"end":{"line":114,"column":3}}]},"13":{"type":"branch","line":108,"loc":{"start":{"line":108,"column":46},"end":{"line":108,"column":59}},"locations":[{"start":{"line":108,"column":46},"end":{"line":108,"column":59}}]}},"b":{"0":[3],"1":[0],"2":[0],"3":[1],"4":[2],"5":[6],"6":[1],"7":[2],"8":[12],"9":[0],"10":[0],"11":[1],"12":[2],"13":[0]},"fnMap":{"0":{"name":"generateMarkdownReport","decl":{"start":{"line":13,"column":7},"end":{"line":121,"column":1}},"loc":{"start":{"line":13,"column":7},"end":{"line":121,"column":1}},"line":13}},"f":{"0":3}}
}
